{"C:\\Users\\shiny\\Desktop\\lol_dicts\\loldict2\\frontend\\app\\static\\ts\\src\\cleanValidationErrMsg.ts": {"path":"C:\\Users\\shiny\\Desktop\\lol_dicts\\loldict2\\frontend\\app\\static\\ts\\src\\cleanValidationErrMsg.ts","statementMap":{"0":{"start":{"line":1,"column":13},"end":{"line":6,"column":2}},"1":{"start":{"line":10,"column":2},"end":{"line":10,"column":19}},"2":{"start":{"line":9,"column":0},"end":{"line":9,"column":16}},"3":{"start":{"line":14,"column":2},"end":{"line":18,"column":5}},"4":{"start":{"line":15,"column":4},"end":{"line":17,"column":7}},"5":{"start":{"line":16,"column":7},"end":{"line":16,"column":55}}},"fnMap":{"0":{"name":"cleanValidationErrMsg","decl":{"start":{"line":9,"column":16},"end":{"line":9,"column":37}},"loc":{"start":{"line":9,"column":37},"end":{"line":11,"column":1}}},"1":{"name":"cleanMsg","decl":{"start":{"line":13,"column":9},"end":{"line":13,"column":17}},"loc":{"start":{"line":13,"column":34},"end":{"line":19,"column":1}}},"2":{"name":"(anonymous_2)","decl":{"start":{"line":14,"column":17},"end":{"line":14,"column":18}},"loc":{"start":{"line":14,"column":24},"end":{"line":18,"column":3}}},"3":{"name":"(anonymous_3)","decl":{"start":{"line":15,"column":60},"end":{"line":15,"column":null}},"loc":{"start":{"line":15,"column":60},"end":{"line":17,"column":5}}}},"branchMap":{"0":{"loc":{"start":{"line":15,"column":4},"end":{"line":17,"column":6}},"type":"cond-expr","locations":[{"start":{"line":15,"column":31},"end":{"line":15,"column":33}},{"start":{"line":15,"column":31},"end":{"line":17,"column":6}}]},"1":{"loc":{"start":{"line":15,"column":4},"end":{"line":15,"column":33}},"type":"binary-expr","locations":[{"start":{"line":15,"column":4},"end":{"line":15,"column":33}},{"start":{"line":15,"column":31},"end":{"line":15,"column":33}}]}},"s":{"0":2,"1":1,"2":2,"3":1,"4":4,"5":4},"f":{"0":1,"1":1,"2":4,"3":4},"b":{"0":[0,4],"1":[4,4]}}
,"C:\\Users\\shiny\\Desktop\\lol_dicts\\loldict2\\frontend\\app\\static\\ts\\src\\displaySearchingHistory.ts": {"path":"C:\\Users\\shiny\\Desktop\\lol_dicts\\loldict2\\frontend\\app\\static\\ts\\src\\displaySearchingHistory.ts","statementMap":{"0":{"start":{"line":2,"column":0},"end":{"line":2,"column":52}},"1":{"start":{"line":4,"column":13},"end":{"line":9,"column":2}},"2":{"start":{"line":10,"column":13},"end":{"line":15,"column":2}},"3":{"start":{"line":21,"column":27},"end":{"line":22,"column":null}},"4":{"start":{"line":24,"column":40},"end":{"line":27,"column":null}},"5":{"start":{"line":29,"column":17},"end":{"line":29,"column":65}},"6":{"start":{"line":30,"column":2},"end":{"line":32,"column":null}},"7":{"start":{"line":31,"column":4},"end":{"line":31,"column":45}},"8":{"start":{"line":18,"column":0},"end":{"line":18,"column":16}},"9":{"start":{"line":59,"column":2},"end":{"line":61,"column":null}},"10":{"start":{"line":60,"column":4},"end":{"line":60,"column":14}},"11":{"start":{"line":65,"column":2},"end":{"line":70,"column":null}},"12":{"start":{"line":67,"column":4},"end":{"line":67,"column":34}},"13":{"start":{"line":69,"column":4},"end":{"line":69,"column":53}},"14":{"start":{"line":72,"column":18},"end":{"line":72,"column":19}},"15":{"start":{"line":73,"column":23},"end":{"line":73,"column":25}},"16":{"start":{"line":77,"column":24},"end":{"line":77,"column":110}},"17":{"start":{"line":77,"column":50},"end":{"line":77,"column":110}},"18":{"start":{"line":78,"column":2},"end":{"line":80,"column":null}},"19":{"start":{"line":79,"column":4},"end":{"line":79,"column":14}},"20":{"start":{"line":83,"column":2},"end":{"line":102,"column":5}},"21":{"start":{"line":86,"column":4},"end":{"line":88,"column":null}},"22":{"start":{"line":87,"column":6},"end":{"line":87,"column":16}},"23":{"start":{"line":91,"column":23},"end":{"line":91,"column":30}},"24":{"start":{"line":92,"column":4},"end":{"line":92,"column":38}},"25":{"start":{"line":93,"column":4},"end":{"line":93,"column":11}},"26":{"start":{"line":96,"column":4},"end":{"line":96,"column":50}},"27":{"start":{"line":97,"column":4},"end":{"line":97,"column":74}},"28":{"start":{"line":98,"column":4},"end":{"line":98,"column":21}},"29":{"start":{"line":101,"column":4},"end":{"line":101,"column":19}},"30":{"start":{"line":103,"column":2},"end":{"line":103,"column":16}},"31":{"start":{"line":44,"column":0},"end":{"line":44,"column":16}},"32":{"start":{"line":115,"column":2},"end":{"line":117,"column":null}},"33":{"start":{"line":116,"column":4},"end":{"line":116,"column":24}},"34":{"start":{"line":119,"column":2},"end":{"line":119,"column":39}},"35":{"start":{"line":120,"column":2},"end":{"line":122,"column":null}},"36":{"start":{"line":120,"column":15},"end":{"line":120,"column":16}},"37":{"start":{"line":121,"column":4},"end":{"line":121,"column":47}},"38":{"start":{"line":123,"column":2},"end":{"line":123,"column":20}},"39":{"start":{"line":124,"column":2},"end":{"line":124,"column":19}},"40":{"start":{"line":113,"column":0},"end":{"line":113,"column":16}}},"fnMap":{"0":{"name":"displaySearchingHistory","decl":{"start":{"line":18,"column":16},"end":{"line":18,"column":39}},"loc":{"start":{"line":18,"column":39},"end":{"line":33,"column":1}}},"1":{"name":"createHtml4SearchingHistory","decl":{"start":{"line":44,"column":16},"end":{"line":44,"column":43}},"loc":{"start":{"line":47,"column":29},"end":{"line":104,"column":1}}},"2":{"name":"(anonymous_2)","decl":{"start":{"line":77,"column":24},"end":{"line":77,"column":25}},"loc":{"start":{"line":77,"column":50},"end":{"line":77,"column":110}}},"3":{"name":"(anonymous_3)","decl":{"start":{"line":83,"column":19},"end":{"line":83,"column":20}},"loc":{"start":{"line":83,"column":44},"end":{"line":102,"column":3}}},"4":{"name":"convert2classCode","decl":{"start":{"line":113,"column":16},"end":{"line":113,"column":33}},"loc":{"start":{"line":113,"column":58},"end":{"line":125,"column":1}}}},"branchMap":{"0":{"loc":{"start":{"line":30,"column":2},"end":{"line":32,"column":null}},"type":"if","locations":[{"start":{"line":30,"column":2},"end":{"line":32,"column":null}}]},"1":{"loc":{"start":{"line":30,"column":6},"end":{"line":30,"column":52}},"type":"binary-expr","locations":[{"start":{"line":30,"column":6},"end":{"line":30,"column":34}},{"start":{"line":30,"column":38},"end":{"line":30,"column":52}}]},"2":{"loc":{"start":{"line":59,"column":2},"end":{"line":61,"column":null}},"type":"if","locations":[{"start":{"line":59,"column":2},"end":{"line":61,"column":null}}]},"3":{"loc":{"start":{"line":65,"column":2},"end":{"line":70,"column":null}},"type":"if","locations":[{"start":{"line":65,"column":2},"end":{"line":70,"column":null}},{"start":{"line":68,"column":9},"end":{"line":70,"column":null}}]},"4":{"loc":{"start":{"line":77,"column":50},"end":{"line":77,"column":110}},"type":"binary-expr","locations":[{"start":{"line":77,"column":50},"end":{"line":77,"column":55}},{"start":{"line":77,"column":59},"end":{"line":77,"column":79}},{"start":{"line":77,"column":83},"end":{"line":77,"column":110}}]},"5":{"loc":{"start":{"line":78,"column":2},"end":{"line":80,"column":null}},"type":"if","locations":[{"start":{"line":78,"column":2},"end":{"line":80,"column":null}}]},"6":{"loc":{"start":{"line":86,"column":4},"end":{"line":88,"column":null}},"type":"if","locations":[{"start":{"line":86,"column":4},"end":{"line":88,"column":null}}]},"7":{"loc":{"start":{"line":86,"column":8},"end":{"line":86,"column":68}},"type":"binary-expr","locations":[{"start":{"line":86,"column":8},"end":{"line":86,"column":13}},{"start":{"line":86,"column":17},"end":{"line":86,"column":37}},{"start":{"line":86,"column":41},"end":{"line":86,"column":68}}]},"8":{"loc":{"start":{"line":115,"column":2},"end":{"line":117,"column":null}},"type":"if","locations":[{"start":{"line":115,"column":2},"end":{"line":117,"column":null}}]}},"s":{"0":2,"1":2,"2":2,"3":4,"4":4,"5":4,"6":4,"7":3,"8":2,"9":10,"10":3,"11":7,"12":3,"13":4,"14":7,"15":7,"16":7,"17":11,"18":7,"19":1,"20":6,"21":12,"22":2,"23":10,"24":10,"25":10,"26":10,"27":10,"28":10,"29":10,"30":6,"31":2,"32":33,"33":1,"34":32,"35":32,"36":32,"37":91,"38":32,"39":32,"40":2},"f":{"0":4,"1":10,"2":11,"3":12,"4":33},"b":{"0":[3],"1":[4,3],"2":[3],"3":[3,4],"4":[11,10,8],"5":[1],"6":[2],"7":[12,12,11],"8":[1]}}
,"C:\\Users\\shiny\\Desktop\\lol_dicts\\loldict2\\frontend\\app\\static\\ts\\src\\index.ts": {"path":"C:\\Users\\shiny\\Desktop\\lol_dicts\\loldict2\\frontend\\app\\static\\ts\\src\\index.ts","statementMap":{"0":{"start":{"line":1,"column":0},"end":{"line":1,"column":33}},"1":{"start":{"line":2,"column":0},"end":{"line":2,"column":30}},"2":{"start":{"line":4,"column":0},"end":{"line":4,"column":39}},"3":{"start":{"line":5,"column":0},"end":{"line":5,"column":38}},"4":{"start":{"line":6,"column":0},"end":{"line":6,"column":40}},"5":{"start":{"line":7,"column":0},"end":{"line":7,"column":42}},"6":{"start":{"line":8,"column":0},"end":{"line":8,"column":51}},"7":{"start":{"line":9,"column":0},"end":{"line":9,"column":45}},"8":{"start":{"line":10,"column":0},"end":{"line":10,"column":41}},"9":{"start":{"line":11,"column":0},"end":{"line":11,"column":37}}},"fnMap":{},"branchMap":{},"s":{"0":1,"1":1,"2":1,"3":1,"4":1,"5":1,"6":1,"7":1,"8":1,"9":1},"f":{},"b":{}}
,"C:\\Users\\shiny\\Desktop\\lol_dicts\\loldict2\\frontend\\app\\static\\ts\\src\\insertHomepageLink.ts": {"path":"C:\\Users\\shiny\\Desktop\\lol_dicts\\loldict2\\frontend\\app\\static\\ts\\src\\insertHomepageLink.ts","statementMap":{"0":{"start":{"line":3,"column":2},"end":{"line":7,"column":5}},"1":{"start":{"line":5,"column":17},"end":{"line":5,"column":56}},"2":{"start":{"line":6,"column":4},"end":{"line":6,"column":44}},"3":{"start":{"line":2,"column":0},"end":{"line":2,"column":16}}},"fnMap":{"0":{"name":"insertHomepageLink","decl":{"start":{"line":2,"column":16},"end":{"line":2,"column":34}},"loc":{"start":{"line":2,"column":54},"end":{"line":8,"column":1}}},"1":{"name":"(anonymous_1)","decl":{"start":{"line":3,"column":46},"end":{"line":3,"column":49}},"loc":{"start":{"line":3,"column":51},"end":{"line":7,"column":3}}}},"branchMap":{"0":{"loc":{"start":{"line":6,"column":4},"end":{"line":6,"column":43}},"type":"cond-expr","locations":[{"start":{"line":6,"column":8},"end":{"line":6,"column":10}},{"start":{"line":6,"column":4},"end":{"line":6,"column":43}}]},"1":{"loc":{"start":{"line":6,"column":4},"end":{"line":6,"column":10}},"type":"binary-expr","locations":[{"start":{"line":6,"column":4},"end":{"line":6,"column":10}},{"start":{"line":6,"column":4},"end":{"line":6,"column":10}}]}},"s":{"0":1,"1":1,"2":1,"3":2},"f":{"0":1,"1":1},"b":{"0":[0,1],"1":[1,1]}}
,"C:\\Users\\shiny\\Desktop\\lol_dicts\\loldict2\\frontend\\app\\static\\ts\\src\\registerTranslation.ts": {"path":"C:\\Users\\shiny\\Desktop\\lol_dicts\\loldict2\\frontend\\app\\static\\ts\\src\\registerTranslation.ts","statementMap":{"0":{"start":{"line":1,"column":0},"end":{"line":1,"column":66}},"1":{"start":{"line":2,"column":0},"end":{"line":2,"column":43}},"2":{"start":{"line":4,"column":13},"end":{"line":9,"column":2}},"3":{"start":{"line":13,"column":2},"end":{"line":15,"column":50}},"4":{"start":{"line":12,"column":0},"end":{"line":12,"column":16}},"5":{"start":{"line":21,"column":2},"end":{"line":21,"column":21}},"6":{"start":{"line":22,"column":18},"end":{"line":22,"column":78}},"7":{"start":{"line":23,"column":18},"end":{"line":23,"column":78}},"8":{"start":{"line":24,"column":23},"end":{"line":25,"column":null}},"9":{"start":{"line":29,"column":33},"end":{"line":30,"column":null}},"10":{"start":{"line":32,"column":33},"end":{"line":33,"column":null}},"11":{"start":{"line":35,"column":38},"end":{"line":36,"column":null}},"12":{"start":{"line":40,"column":2},"end":{"line":45,"column":null}},"13":{"start":{"line":41,"column":5},"end":{"line":43,"column":6}},"14":{"start":{"line":44,"column":4},"end":{"line":44,"column":11}},"15":{"start":{"line":46,"column":2},"end":{"line":51,"column":null}},"16":{"start":{"line":47,"column":5},"end":{"line":49,"column":6}},"17":{"start":{"line":50,"column":4},"end":{"line":50,"column":11}},"18":{"start":{"line":52,"column":2},"end":{"line":57,"column":null}},"19":{"start":{"line":53,"column":5},"end":{"line":55,"column":6}},"20":{"start":{"line":56,"column":4},"end":{"line":56,"column":11}},"21":{"start":{"line":60,"column":20},"end":{"line":60,"column":38}},"22":{"start":{"line":61,"column":22},"end":{"line":65,"column":4}},"23":{"start":{"line":69,"column":4},"end":{"line":70,"column":10}},"24":{"start":{"line":71,"column":14},"end":{"line":71,"column":34}},"25":{"start":{"line":72,"column":2},"end":{"line":72,"column":30}},"26":{"start":{"line":73,"column":2},"end":{"line":73,"column":62}},"27":{"start":{"line":74,"column":2},"end":{"line":74,"column":59}},"28":{"start":{"line":75,"column":2},"end":{"line":81,"column":4}},"29":{"start":{"line":76,"column":4},"end":{"line":80,"column":null}},"30":{"start":{"line":78,"column":6},"end":{"line":78,"column":30}},"31":{"start":{"line":79,"column":6},"end":{"line":79,"column":31}},"32":{"start":{"line":82,"column":2},"end":{"line":82,"column":40}},"33":{"start":{"line":19,"column":0},"end":{"line":19,"column":16}}},"fnMap":{"0":{"name":"registerTranslation","decl":{"start":{"line":12,"column":16},"end":{"line":12,"column":35}},"loc":{"start":{"line":12,"column":35},"end":{"line":16,"column":1}}},"1":{"name":"registerIfValid","decl":{"start":{"line":19,"column":16},"end":{"line":19,"column":31}},"loc":{"start":{"line":19,"column":40},"end":{"line":83,"column":1}}},"2":{"name":"(anonymous_2)","decl":{"start":{"line":75,"column":27},"end":{"line":75,"column":null}},"loc":{"start":{"line":75,"column":27},"end":{"line":81,"column":3}}}},"branchMap":{"0":{"loc":{"start":{"line":13,"column":2},"end":{"line":15,"column":49}},"type":"cond-expr","locations":[{"start":{"line":14,"column":41},"end":{"line":14,"column":null}},{"start":{"line":14,"column":41},"end":{"line":15,"column":49}}]},"1":{"loc":{"start":{"line":13,"column":2},"end":{"line":14,"column":null}},"type":"binary-expr","locations":[{"start":{"line":13,"column":2},"end":{"line":14,"column":null}},{"start":{"line":14,"column":41},"end":{"line":14,"column":null}}]},"2":{"loc":{"start":{"line":40,"column":2},"end":{"line":45,"column":null}},"type":"if","locations":[{"start":{"line":40,"column":2},"end":{"line":45,"column":null}}]},"3":{"loc":{"start":{"line":46,"column":2},"end":{"line":51,"column":null}},"type":"if","locations":[{"start":{"line":46,"column":2},"end":{"line":51,"column":null}}]},"4":{"loc":{"start":{"line":52,"column":2},"end":{"line":57,"column":null}},"type":"if","locations":[{"start":{"line":52,"column":2},"end":{"line":57,"column":null}}]},"5":{"loc":{"start":{"line":76,"column":4},"end":{"line":80,"column":null}},"type":"if","locations":[{"start":{"line":76,"column":4},"end":{"line":80,"column":null}}]},"6":{"loc":{"start":{"line":76,"column":8},"end":{"line":76,"column":50}},"type":"binary-expr","locations":[{"start":{"line":76,"column":8},"end":{"line":76,"column":28}},{"start":{"line":76,"column":32},"end":{"line":76,"column":50}}]}},"s":{"0":2,"1":2,"2":2,"3":4,"4":2,"5":4,"6":4,"7":4,"8":4,"9":4,"10":4,"11":4,"12":4,"13":1,"14":1,"15":3,"16":1,"17":1,"18":2,"19":1,"20":1,"21":1,"22":1,"23":1,"24":1,"25":1,"26":1,"27":1,"28":1,"29":1,"30":1,"31":1,"32":1,"33":2},"f":{"0":4,"1":4,"2":1},"b":{"0":[0,4],"1":[4,4],"2":[1],"3":[1],"4":[1],"5":[1],"6":[1,1]}}
,"C:\\Users\\shiny\\Desktop\\lol_dicts\\loldict2\\frontend\\app\\static\\ts\\src\\scrollSearchingHistory.ts": {"path":"C:\\Users\\shiny\\Desktop\\lol_dicts\\loldict2\\frontend\\app\\static\\ts\\src\\scrollSearchingHistory.ts","statementMap":{"0":{"start":{"line":1,"column":13},"end":{"line":1,"column":35}},"1":{"start":{"line":2,"column":13},"end":{"line":2,"column":38}},"2":{"start":{"line":6,"column":31},"end":{"line":6,"column":48}},"3":{"start":{"line":7,"column":2},"end":{"line":25,"column":5}},"4":{"start":{"line":8,"column":4},"end":{"line":24,"column":9}},"5":{"start":{"line":11,"column":27},"end":{"line":13,"column":23}},"6":{"start":{"line":12,"column":10},"end":{"line":12,"column":59}},"7":{"start":{"line":17,"column":8},"end":{"line":23,"column":10}},"8":{"start":{"line":20,"column":12},"end":{"line":20,"column":38}},"9":{"start":{"line":5,"column":0},"end":{"line":5,"column":16}},"10":{"start":{"line":34,"column":34},"end":{"line":35,"column":null}},"11":{"start":{"line":37,"column":2},"end":{"line":41,"column":null}},"12":{"start":{"line":38,"column":4},"end":{"line":38,"column":51}},"13":{"start":{"line":39,"column":9},"end":{"line":41,"column":null}},"14":{"start":{"line":40,"column":4},"end":{"line":40,"column":51}},"15":{"start":{"line":33,"column":0},"end":{"line":33,"column":16}}},"fnMap":{"0":{"name":"scrollSearchingHistory","decl":{"start":{"line":5,"column":16},"end":{"line":5,"column":38}},"loc":{"start":{"line":5,"column":38},"end":{"line":26,"column":1}}},"1":{"name":"(anonymous_1)","decl":{"start":{"line":7,"column":21},"end":{"line":7,"column":22}},"loc":{"start":{"line":7,"column":35},"end":{"line":25,"column":3}}},"2":{"name":"(anonymous_2)","decl":{"start":{"line":10,"column":40},"end":{"line":10,"column":43}},"loc":{"start":{"line":10,"column":45},"end":{"line":24,"column":7}}},"3":{"name":"(anonymous_3)","decl":{"start":{"line":11,"column":39},"end":{"line":11,"column":42}},"loc":{"start":{"line":11,"column":44},"end":{"line":13,"column":9}}},"4":{"name":"(anonymous_4)","decl":{"start":{"line":19,"column":10},"end":{"line":19,"column":13}},"loc":{"start":{"line":19,"column":15},"end":{"line":21,"column":11}}},"5":{"name":"scroll","decl":{"start":{"line":33,"column":16},"end":{"line":33,"column":22}},"loc":{"start":{"line":33,"column":68},"end":{"line":42,"column":1}}}},"branchMap":{"0":{"loc":{"start":{"line":8,"column":4},"end":{"line":24,"column":8}},"type":"cond-expr","locations":[{"start":{"line":9,"column":51},"end":{"line":9,"column":null}},{"start":{"line":9,"column":51},"end":{"line":24,"column":8}}]},"1":{"loc":{"start":{"line":8,"column":4},"end":{"line":9,"column":null}},"type":"binary-expr","locations":[{"start":{"line":8,"column":4},"end":{"line":9,"column":null}},{"start":{"line":9,"column":51},"end":{"line":9,"column":null}}]},"2":{"loc":{"start":{"line":37,"column":2},"end":{"line":41,"column":null}},"type":"if","locations":[{"start":{"line":37,"column":2},"end":{"line":41,"column":null}},{"start":{"line":39,"column":9},"end":{"line":41,"column":null}}]},"3":{"loc":{"start":{"line":37,"column":6},"end":{"line":37,"column":61}},"type":"binary-expr","locations":[{"start":{"line":37,"column":6},"end":{"line":37,"column":26}},{"start":{"line":37,"column":30},"end":{"line":37,"column":61}}]},"4":{"loc":{"start":{"line":39,"column":9},"end":{"line":41,"column":null}},"type":"if","locations":[{"start":{"line":39,"column":9},"end":{"line":41,"column":null}}]},"5":{"loc":{"start":{"line":39,"column":13},"end":{"line":39,"column":69}},"type":"binary-expr","locations":[{"start":{"line":39,"column":13},"end":{"line":39,"column":34}},{"start":{"line":39,"column":38},"end":{"line":39,"column":69}}]}},"s":{"0":2,"1":2,"2":0,"3":0,"4":0,"5":0,"6":0,"7":0,"8":0,"9":2,"10":2,"11":2,"12":1,"13":1,"14":1,"15":2},"f":{"0":0,"1":0,"2":0,"3":0,"4":0,"5":2},"b":{"0":[0,0],"1":[0,0],"2":[1,1],"3":[2,1],"4":[1],"5":[1,1]}}
,"C:\\Users\\shiny\\Desktop\\lol_dicts\\loldict2\\frontend\\app\\static\\ts\\src\\searchForTranslation.ts": {"path":"C:\\Users\\shiny\\Desktop\\lol_dicts\\loldict2\\frontend\\app\\static\\ts\\src\\searchForTranslation.ts","statementMap":{"0":{"start":{"line":1,"column":0},"end":{"line":1,"column":65}},"1":{"start":{"line":9,"column":2},"end":{"line":13,"column":7}},"2":{"start":{"line":12,"column":6},"end":{"line":12,"column":40}},"3":{"start":{"line":8,"column":0},"end":{"line":8,"column":16}},"4":{"start":{"line":21,"column":2},"end":{"line":21,"column":21}},"5":{"start":{"line":22,"column":16},"end":{"line":23,"column":null}},"6":{"start":{"line":25,"column":27},"end":{"line":25,"column":58}},"7":{"start":{"line":27,"column":14},"end":{"line":27,"column":35}},"8":{"start":{"line":29,"column":2},"end":{"line":32,"column":null}},"9":{"start":{"line":30,"column":5},"end":{"line":30,"column":65}},"10":{"start":{"line":31,"column":4},"end":{"line":31,"column":11}},"11":{"start":{"line":34,"column":2},"end":{"line":34,"column":30}},"12":{"start":{"line":36,"column":14},"end":{"line":36,"column":44}},"13":{"start":{"line":37,"column":2},"end":{"line":37,"column":29}},"14":{"start":{"line":20,"column":0},"end":{"line":20,"column":16}}},"fnMap":{"0":{"name":"searchForTranslation","decl":{"start":{"line":8,"column":16},"end":{"line":8,"column":36}},"loc":{"start":{"line":8,"column":56},"end":{"line":14,"column":1}}},"1":{"name":"(anonymous_1)","decl":{"start":{"line":11,"column":33},"end":{"line":11,"column":34}},"loc":{"start":{"line":11,"column":43},"end":{"line":13,"column":5}}},"2":{"name":"searchIfValid","decl":{"start":{"line":20,"column":16},"end":{"line":20,"column":29}},"loc":{"start":{"line":20,"column":54},"end":{"line":38,"column":1}}}},"branchMap":{"0":{"loc":{"start":{"line":9,"column":2},"end":{"line":13,"column":6}},"type":"cond-expr","locations":[{"start":{"line":10,"column":36},"end":{"line":10,"column":null}},{"start":{"line":10,"column":36},"end":{"line":13,"column":6}}]},"1":{"loc":{"start":{"line":9,"column":2},"end":{"line":10,"column":null}},"type":"binary-expr","locations":[{"start":{"line":9,"column":2},"end":{"line":10,"column":null}},{"start":{"line":10,"column":36},"end":{"line":10,"column":null}}]},"2":{"loc":{"start":{"line":29,"column":2},"end":{"line":32,"column":null}},"type":"if","locations":[{"start":{"line":29,"column":2},"end":{"line":32,"column":null}}]},"3":{"loc":{"start":{"line":29,"column":6},"end":{"line":29,"column":34}},"type":"binary-expr","locations":[{"start":{"line":29,"column":6},"end":{"line":29,"column":18}},{"start":{"line":29,"column":22},"end":{"line":29,"column":34}}]}},"s":{"0":2,"1":1,"2":2,"3":2,"4":2,"5":2,"6":2,"7":2,"8":2,"9":1,"10":1,"11":1,"12":1,"13":1,"14":2},"f":{"0":1,"1":2,"2":2},"b":{"0":[0,1],"1":[1,1],"2":[1],"3":[2,2]}}
,"C:\\Users\\shiny\\Desktop\\lol_dicts\\loldict2\\frontend\\app\\static\\ts\\src\\searchFromSearchingHistory.ts": {"path":"C:\\Users\\shiny\\Desktop\\lol_dicts\\loldict2\\frontend\\app\\static\\ts\\src\\searchFromSearchingHistory.ts","statementMap":{"0":{"start":{"line":1,"column":0},"end":{"line":1,"column":null}},"1":{"start":{"line":12,"column":36},"end":{"line":12,"column":55}},"2":{"start":{"line":13,"column":2},"end":{"line":30,"column":null}},"3":{"start":{"line":13,"column":15},"end":{"line":13,"column":16}},"4":{"start":{"line":14,"column":23},"end":{"line":14,"column":53}},"5":{"start":{"line":15,"column":20},"end":{"line":15,"column":60}},"6":{"start":{"line":16,"column":20},"end":{"line":16,"column":38}},"7":{"start":{"line":18,"column":4},"end":{"line":29,"column":7}},"8":{"start":{"line":19,"column":6},"end":{"line":21,"column":null}},"9":{"start":{"line":20,"column":8},"end":{"line":20,"column":15}},"10":{"start":{"line":23,"column":6},"end":{"line":25,"column":null}},"11":{"start":{"line":24,"column":8},"end":{"line":24,"column":15}},"12":{"start":{"line":27,"column":6},"end":{"line":27,"column":34}},"13":{"start":{"line":28,"column":6},"end":{"line":28,"column":65}},"14":{"start":{"line":11,"column":0},"end":{"line":11,"column":16}}},"fnMap":{"0":{"name":"searchFromSearchingHistory","decl":{"start":{"line":11,"column":16},"end":{"line":11,"column":42}},"loc":{"start":{"line":11,"column":62},"end":{"line":31,"column":1}}},"1":{"name":"(anonymous_1)","decl":{"start":{"line":18,"column":39},"end":{"line":18,"column":42}},"loc":{"start":{"line":18,"column":44},"end":{"line":29,"column":5}}}},"branchMap":{"0":{"loc":{"start":{"line":15,"column":20},"end":{"line":15,"column":60}},"type":"cond-expr","locations":[{"start":{"line":15,"column":47},"end":{"line":15,"column":49}},{"start":{"line":15,"column":47},"end":{"line":15,"column":60}}]},"1":{"loc":{"start":{"line":15,"column":20},"end":{"line":15,"column":49}},"type":"binary-expr","locations":[{"start":{"line":15,"column":20},"end":{"line":15,"column":49}},{"start":{"line":15,"column":47},"end":{"line":15,"column":49}}]},"2":{"loc":{"start":{"line":16,"column":20},"end":{"line":16,"column":38}},"type":"cond-expr","locations":[{"start":{"line":16,"column":27},"end":{"line":16,"column":29}},{"start":{"line":16,"column":20},"end":{"line":16,"column":38}}]},"3":{"loc":{"start":{"line":16,"column":20},"end":{"line":16,"column":29}},"type":"binary-expr","locations":[{"start":{"line":16,"column":20},"end":{"line":16,"column":29}},{"start":{"line":16,"column":20},"end":{"line":16,"column":29}}]},"4":{"loc":{"start":{"line":18,"column":4},"end":{"line":29,"column":6}},"type":"cond-expr","locations":[{"start":{"line":18,"column":11},"end":{"line":18,"column":13}},{"start":{"line":18,"column":4},"end":{"line":29,"column":6}}]},"5":{"loc":{"start":{"line":18,"column":4},"end":{"line":18,"column":13}},"type":"binary-expr","locations":[{"start":{"line":18,"column":4},"end":{"line":18,"column":13}},{"start":{"line":18,"column":4},"end":{"line":18,"column":13}}]},"6":{"loc":{"start":{"line":19,"column":6},"end":{"line":21,"column":null}},"type":"if","locations":[{"start":{"line":19,"column":6},"end":{"line":21,"column":null}}]},"7":{"loc":{"start":{"line":23,"column":6},"end":{"line":25,"column":null}},"type":"if","locations":[{"start":{"line":23,"column":6},"end":{"line":25,"column":null}}]}},"s":{"0":1,"1":3,"2":3,"3":3,"4":9,"5":9,"6":9,"7":9,"8":2,"9":0,"10":2,"11":0,"12":2,"13":2,"14":1},"f":{"0":3,"1":2},"b":{"0":[4,5],"1":[9,5],"2":[4,5],"3":[9,9],"4":[4,5],"5":[9,9],"6":[0],"7":[0]}}
,"C:\\Users\\shiny\\Desktop\\lol_dicts\\loldict2\\frontend\\app\\static\\ts\\src\\switchVisibilityRegistrationForm.ts": {"path":"C:\\Users\\shiny\\Desktop\\lol_dicts\\loldict2\\frontend\\app\\static\\ts\\src\\switchVisibilityRegistrationForm.ts","statementMap":{"0":{"start":{"line":3,"column":18},"end":{"line":3,"column":72}},"1":{"start":{"line":4,"column":2},"end":{"line":13,"column":5}},"2":{"start":{"line":5,"column":5},"end":{"line":5,"column":64}},"3":{"start":{"line":6,"column":20},"end":{"line":6,"column":62}},"4":{"start":{"line":8,"column":4},"end":{"line":12,"column":null}},"5":{"start":{"line":9,"column":6},"end":{"line":9,"column":37}},"6":{"start":{"line":10,"column":11},"end":{"line":12,"column":null}},"7":{"start":{"line":11,"column":6},"end":{"line":11,"column":38}},"8":{"start":{"line":2,"column":0},"end":{"line":2,"column":16}}},"fnMap":{"0":{"name":"switchVisibilityRegistrationForm","decl":{"start":{"line":2,"column":16},"end":{"line":2,"column":48}},"loc":{"start":{"line":2,"column":48},"end":{"line":14,"column":1}}},"1":{"name":"(anonymous_1)","decl":{"start":{"line":4,"column":37},"end":{"line":4,"column":38}},"loc":{"start":{"line":4,"column":43},"end":{"line":13,"column":3}}}},"branchMap":{"0":{"loc":{"start":{"line":4,"column":2},"end":{"line":13,"column":4}},"type":"cond-expr","locations":[{"start":{"line":4,"column":9},"end":{"line":4,"column":11}},{"start":{"line":4,"column":2},"end":{"line":13,"column":4}}]},"1":{"loc":{"start":{"line":4,"column":2},"end":{"line":4,"column":11}},"type":"binary-expr","locations":[{"start":{"line":4,"column":2},"end":{"line":4,"column":11}},{"start":{"line":4,"column":2},"end":{"line":4,"column":11}}]},"2":{"loc":{"start":{"line":8,"column":4},"end":{"line":12,"column":null}},"type":"if","locations":[{"start":{"line":8,"column":4},"end":{"line":12,"column":null}},{"start":{"line":10,"column":11},"end":{"line":12,"column":null}}]},"3":{"loc":{"start":{"line":8,"column":8},"end":{"line":8,"column":60}},"type":"binary-expr","locations":[{"start":{"line":8,"column":8},"end":{"line":8,"column":23}},{"start":{"line":8,"column":27},"end":{"line":8,"column":60}}]},"4":{"loc":{"start":{"line":10,"column":11},"end":{"line":12,"column":null}},"type":"if","locations":[{"start":{"line":10,"column":11},"end":{"line":12,"column":null}}]}},"s":{"0":1,"1":1,"2":2,"3":2,"4":2,"5":1,"6":1,"7":1,"8":2},"f":{"0":1,"1":2},"b":{"0":[0,1],"1":[1,1],"2":[1,1],"3":[2,2],"4":[1]}}
,"C:\\Users\\shiny\\Desktop\\lol_dicts\\loldict2\\frontend\\app\\static\\ts\\src\\darkMode\\index.js": {"path":"C:\\Users\\shiny\\Desktop\\lol_dicts\\loldict2\\frontend\\app\\static\\ts\\src\\darkMode\\index.js","statementMap":{"0":{"start":{"line":3,"column":0},"end":{"line":5,"column":3}},"1":{"start":{"line":6,"column":23},"end":{"line":6,"column":51}},"2":{"start":{"line":7,"column":0},"end":{"line":16,"column":3}},"3":{"start":{"line":8,"column":2},"end":{"line":8,"column":56}},"4":{"start":{"line":8,"column":49},"end":{"line":8,"column":56}},"5":{"start":{"line":9,"column":2},"end":{"line":9,"column":71}},"6":{"start":{"line":9,"column":64},"end":{"line":9,"column":71}},"7":{"start":{"line":10,"column":2},"end":{"line":15,"column":5}},"8":{"start":{"line":13,"column":6},"end":{"line":13,"column":35}},"9":{"start":{"line":17,"column":22},"end":{"line":17,"column":49}},"10":{"start":{"line":18,"column":0},"end":{"line":27,"column":3}},"11":{"start":{"line":19,"column":2},"end":{"line":19,"column":56}},"12":{"start":{"line":19,"column":49},"end":{"line":19,"column":56}},"13":{"start":{"line":20,"column":2},"end":{"line":20,"column":70}},"14":{"start":{"line":20,"column":63},"end":{"line":20,"column":70}},"15":{"start":{"line":21,"column":2},"end":{"line":26,"column":5}},"16":{"start":{"line":24,"column":6},"end":{"line":24,"column":34}},"17":{"start":{"line":28,"column":29},"end":{"line":28,"column":63}},"18":{"start":{"line":29,"column":0},"end":{"line":38,"column":3}},"19":{"start":{"line":30,"column":2},"end":{"line":30,"column":56}},"20":{"start":{"line":30,"column":49},"end":{"line":30,"column":56}},"21":{"start":{"line":31,"column":2},"end":{"line":31,"column":77}},"22":{"start":{"line":31,"column":70},"end":{"line":31,"column":77}},"23":{"start":{"line":32,"column":2},"end":{"line":37,"column":5}},"24":{"start":{"line":35,"column":6},"end":{"line":35,"column":41}},"25":{"start":{"line":39,"column":26},"end":{"line":39,"column":57}},"26":{"start":{"line":40,"column":0},"end":{"line":49,"column":3}},"27":{"start":{"line":41,"column":2},"end":{"line":41,"column":56}},"28":{"start":{"line":41,"column":49},"end":{"line":41,"column":56}},"29":{"start":{"line":42,"column":2},"end":{"line":42,"column":74}},"30":{"start":{"line":42,"column":67},"end":{"line":42,"column":74}},"31":{"start":{"line":43,"column":2},"end":{"line":48,"column":5}},"32":{"start":{"line":46,"column":6},"end":{"line":46,"column":38}}},"fnMap":{"0":{"name":"(anonymous_0)","decl":{"start":{"line":7,"column":38},"end":{"line":7,"column":39}},"loc":{"start":{"line":7,"column":53},"end":{"line":16,"column":1}},"line":7},"1":{"name":"get","decl":{"start":{"line":12,"column":18},"end":{"line":12,"column":21}},"loc":{"start":{"line":12,"column":24},"end":{"line":14,"column":5}},"line":12},"2":{"name":"(anonymous_2)","decl":{"start":{"line":18,"column":37},"end":{"line":18,"column":38}},"loc":{"start":{"line":18,"column":52},"end":{"line":27,"column":1}},"line":18},"3":{"name":"get","decl":{"start":{"line":23,"column":18},"end":{"line":23,"column":21}},"loc":{"start":{"line":23,"column":24},"end":{"line":25,"column":5}},"line":23},"4":{"name":"(anonymous_4)","decl":{"start":{"line":29,"column":44},"end":{"line":29,"column":45}},"loc":{"start":{"line":29,"column":59},"end":{"line":38,"column":1}},"line":29},"5":{"name":"get","decl":{"start":{"line":34,"column":18},"end":{"line":34,"column":21}},"loc":{"start":{"line":34,"column":24},"end":{"line":36,"column":5}},"line":34},"6":{"name":"(anonymous_6)","decl":{"start":{"line":40,"column":41},"end":{"line":40,"column":42}},"loc":{"start":{"line":40,"column":56},"end":{"line":49,"column":1}},"line":40},"7":{"name":"get","decl":{"start":{"line":45,"column":18},"end":{"line":45,"column":21}},"loc":{"start":{"line":45,"column":24},"end":{"line":47,"column":5}},"line":45}},"branchMap":{"0":{"loc":{"start":{"line":8,"column":2},"end":{"line":8,"column":56}},"type":"if","locations":[{"start":{"line":8,"column":2},"end":{"line":8,"column":56}},{"start":{},"end":{}}],"line":8},"1":{"loc":{"start":{"line":8,"column":6},"end":{"line":8,"column":47}},"type":"binary-expr","locations":[{"start":{"line":8,"column":6},"end":{"line":8,"column":23}},{"start":{"line":8,"column":27},"end":{"line":8,"column":47}}],"line":8},"2":{"loc":{"start":{"line":9,"column":2},"end":{"line":9,"column":71}},"type":"if","locations":[{"start":{"line":9,"column":2},"end":{"line":9,"column":71}},{"start":{},"end":{}}],"line":9},"3":{"loc":{"start":{"line":9,"column":6},"end":{"line":9,"column":62}},"type":"binary-expr","locations":[{"start":{"line":9,"column":6},"end":{"line":9,"column":20}},{"start":{"line":9,"column":24},"end":{"line":9,"column":62}}],"line":9},"4":{"loc":{"start":{"line":19,"column":2},"end":{"line":19,"column":56}},"type":"if","locations":[{"start":{"line":19,"column":2},"end":{"line":19,"column":56}},{"start":{},"end":{}}],"line":19},"5":{"loc":{"start":{"line":19,"column":6},"end":{"line":19,"column":47}},"type":"binary-expr","locations":[{"start":{"line":19,"column":6},"end":{"line":19,"column":23}},{"start":{"line":19,"column":27},"end":{"line":19,"column":47}}],"line":19},"6":{"loc":{"start":{"line":20,"column":2},"end":{"line":20,"column":70}},"type":"if","locations":[{"start":{"line":20,"column":2},"end":{"line":20,"column":70}},{"start":{},"end":{}}],"line":20},"7":{"loc":{"start":{"line":20,"column":6},"end":{"line":20,"column":61}},"type":"binary-expr","locations":[{"start":{"line":20,"column":6},"end":{"line":20,"column":20}},{"start":{"line":20,"column":24},"end":{"line":20,"column":61}}],"line":20},"8":{"loc":{"start":{"line":30,"column":2},"end":{"line":30,"column":56}},"type":"if","locations":[{"start":{"line":30,"column":2},"end":{"line":30,"column":56}},{"start":{},"end":{}}],"line":30},"9":{"loc":{"start":{"line":30,"column":6},"end":{"line":30,"column":47}},"type":"binary-expr","locations":[{"start":{"line":30,"column":6},"end":{"line":30,"column":23}},{"start":{"line":30,"column":27},"end":{"line":30,"column":47}}],"line":30},"10":{"loc":{"start":{"line":31,"column":2},"end":{"line":31,"column":77}},"type":"if","locations":[{"start":{"line":31,"column":2},"end":{"line":31,"column":77}},{"start":{},"end":{}}],"line":31},"11":{"loc":{"start":{"line":31,"column":6},"end":{"line":31,"column":68}},"type":"binary-expr","locations":[{"start":{"line":31,"column":6},"end":{"line":31,"column":20}},{"start":{"line":31,"column":24},"end":{"line":31,"column":68}}],"line":31},"12":{"loc":{"start":{"line":41,"column":2},"end":{"line":41,"column":56}},"type":"if","locations":[{"start":{"line":41,"column":2},"end":{"line":41,"column":56}},{"start":{},"end":{}}],"line":41},"13":{"loc":{"start":{"line":41,"column":6},"end":{"line":41,"column":47}},"type":"binary-expr","locations":[{"start":{"line":41,"column":6},"end":{"line":41,"column":23}},{"start":{"line":41,"column":27},"end":{"line":41,"column":47}}],"line":41},"14":{"loc":{"start":{"line":42,"column":2},"end":{"line":42,"column":74}},"type":"if","locations":[{"start":{"line":42,"column":2},"end":{"line":42,"column":74}},{"start":{},"end":{}}],"line":42},"15":{"loc":{"start":{"line":42,"column":6},"end":{"line":42,"column":65}},"type":"binary-expr","locations":[{"start":{"line":42,"column":6},"end":{"line":42,"column":20}},{"start":{"line":42,"column":24},"end":{"line":42,"column":65}}],"line":42}},"s":{"0":1,"1":1,"2":1,"3":2,"4":0,"5":2,"6":0,"7":2,"8":0,"9":1,"10":1,"11":1,"12":0,"13":1,"14":0,"15":1,"16":0,"17":1,"18":1,"19":1,"20":0,"21":1,"22":0,"23":1,"24":0,"25":1,"26":1,"27":1,"28":0,"29":1,"30":0,"31":1,"32":0},"f":{"0":2,"1":0,"2":1,"3":0,"4":1,"5":0,"6":1,"7":0},"b":{"0":[0,2],"1":[2,2],"2":[0,2],"3":[2,0],"4":[0,1],"5":[1,1],"6":[0,1],"7":[1,0],"8":[0,1],"9":[1,1],"10":[0,1],"11":[1,0],"12":[0,1],"13":[1,1],"14":[0,1],"15":[1,0]},"inputSourceMap":null,"_coverageSchema":"1a1c01bbd47fc00a2c39e90264f33305004495a9","hash":"87ecf014f4f5df435ef5aefb2d699667aa643ee3"}
,"C:\\Users\\shiny\\Desktop\\lol_dicts\\loldict2\\frontend\\app\\static\\ts\\src\\darkMode\\initializeDarkMode.js": {"path":"C:\\Users\\shiny\\Desktop\\lol_dicts\\loldict2\\frontend\\app\\static\\ts\\src\\darkMode\\initializeDarkMode.js","statementMap":{"0":{"start":{"line":3,"column":0},"end":{"line":5,"column":3}},"1":{"start":{"line":6,"column":0},"end":{"line":6,"column":48}},"2":{"start":{"line":13,"column":2},"end":{"line":23,"column":3}},"3":{"start":{"line":18,"column":4},"end":{"line":18,"column":42}},"4":{"start":{"line":19,"column":4},"end":{"line":19,"column":51}},"5":{"start":{"line":21,"column":4},"end":{"line":21,"column":43}},"6":{"start":{"line":22,"column":4},"end":{"line":22,"column":54}}},"fnMap":{"0":{"name":"initializeDarkMode","decl":{"start":{"line":12,"column":9},"end":{"line":12,"column":27}},"loc":{"start":{"line":12,"column":30},"end":{"line":24,"column":1}},"line":12}},"branchMap":{"0":{"loc":{"start":{"line":13,"column":2},"end":{"line":23,"column":3}},"type":"if","locations":[{"start":{"line":13,"column":2},"end":{"line":23,"column":3}},{"start":{"line":20,"column":9},"end":{"line":23,"column":3}}],"line":13},"1":{"loc":{"start":{"line":14,"column":4},"end":{"line":16,"column":64}},"type":"binary-expr","locations":[{"start":{"line":14,"column":4},"end":{"line":14,"column":44}},{"start":{"line":15,"column":5},"end":{"line":15,"column":31}},{"start":{"line":16,"column":6},"end":{"line":16,"column":63}}],"line":14}},"s":{"0":2,"1":2,"2":2,"3":1,"4":1,"5":1,"6":1},"f":{"0":2},"b":{"0":[1,1],"1":[2,1,0]},"inputSourceMap":null,"_coverageSchema":"1a1c01bbd47fc00a2c39e90264f33305004495a9","hash":"a1e9f2204b8a2ff7bb74fa94d4f13da97fa38118"}
,"C:\\Users\\shiny\\Desktop\\lol_dicts\\loldict2\\frontend\\app\\static\\ts\\src\\darkMode\\initializeDarkModeBtn.js": {"path":"C:\\Users\\shiny\\Desktop\\lol_dicts\\loldict2\\frontend\\app\\static\\ts\\src\\darkMode\\initializeDarkModeBtn.js","statementMap":{"0":{"start":{"line":3,"column":0},"end":{"line":5,"column":3}},"1":{"start":{"line":6,"column":0},"end":{"line":6,"column":54}},"2":{"start":{"line":10,"column":20},"end":{"line":10,"column":58}},"3":{"start":{"line":11,"column":2},"end":{"line":13,"column":3}},"4":{"start":{"line":12,"column":4},"end":{"line":12,"column":11}},"5":{"start":{"line":14,"column":2},"end":{"line":18,"column":3}},"6":{"start":{"line":15,"column":4},"end":{"line":15,"column":31}},"7":{"start":{"line":17,"column":4},"end":{"line":17,"column":32}}},"fnMap":{"0":{"name":"initializeDarkModeBtn","decl":{"start":{"line":9,"column":9},"end":{"line":9,"column":30}},"loc":{"start":{"line":9,"column":33},"end":{"line":19,"column":1}},"line":9}},"branchMap":{"0":{"loc":{"start":{"line":11,"column":2},"end":{"line":13,"column":3}},"type":"if","locations":[{"start":{"line":11,"column":2},"end":{"line":13,"column":3}},{"start":{},"end":{}}],"line":11},"1":{"loc":{"start":{"line":14,"column":2},"end":{"line":18,"column":3}},"type":"if","locations":[{"start":{"line":14,"column":2},"end":{"line":18,"column":3}},{"start":{"line":16,"column":9},"end":{"line":18,"column":3}}],"line":14}},"s":{"0":2,"1":2,"2":2,"3":2,"4":0,"5":2,"6":1,"7":1},"f":{"0":2},"b":{"0":[0,2],"1":[1,1]},"inputSourceMap":null,"_coverageSchema":"1a1c01bbd47fc00a2c39e90264f33305004495a9","hash":"441e80fb2699fb543c15521a9a47ae7dd4b7d027"}
,"C:\\Users\\shiny\\Desktop\\lol_dicts\\loldict2\\frontend\\app\\static\\ts\\src\\darkMode\\toggleDarkMode.js": {"path":"C:\\Users\\shiny\\Desktop\\lol_dicts\\loldict2\\frontend\\app\\static\\ts\\src\\darkMode\\toggleDarkMode.js","statementMap":{"0":{"start":{"line":3,"column":0},"end":{"line":5,"column":3}},"1":{"start":{"line":6,"column":0},"end":{"line":6,"column":40}},"2":{"start":{"line":9,"column":20},"end":{"line":9,"column":58}},"3":{"start":{"line":10,"column":2},"end":{"line":12,"column":3}},"4":{"start":{"line":11,"column":4},"end":{"line":11,"column":11}},"5":{"start":{"line":13,"column":2},"end":{"line":22,"column":5}},"6":{"start":{"line":14,"column":4},"end":{"line":21,"column":5}},"7":{"start":{"line":15,"column":6},"end":{"line":15,"column":34}},"8":{"start":{"line":17,"column":6},"end":{"line":17,"column":53}},"9":{"start":{"line":19,"column":6},"end":{"line":19,"column":35}},"10":{"start":{"line":20,"column":6},"end":{"line":20,"column":56}}},"fnMap":{"0":{"name":"toggleDarkMode","decl":{"start":{"line":8,"column":9},"end":{"line":8,"column":23}},"loc":{"start":{"line":8,"column":26},"end":{"line":23,"column":1}},"line":8},"1":{"name":"(anonymous_1)","decl":{"start":{"line":13,"column":41},"end":{"line":13,"column":42}},"loc":{"start":{"line":13,"column":53},"end":{"line":22,"column":3}},"line":13}},"branchMap":{"0":{"loc":{"start":{"line":10,"column":2},"end":{"line":12,"column":3}},"type":"if","locations":[{"start":{"line":10,"column":2},"end":{"line":12,"column":3}},{"start":{},"end":{}}],"line":10},"1":{"loc":{"start":{"line":14,"column":4},"end":{"line":21,"column":5}},"type":"if","locations":[{"start":{"line":14,"column":4},"end":{"line":21,"column":5}},{"start":{"line":18,"column":11},"end":{"line":21,"column":5}}],"line":14}},"s":{"0":2,"1":2,"2":1,"3":1,"4":0,"5":1,"6":2,"7":1,"8":1,"9":1,"10":1},"f":{"0":1,"1":2},"b":{"0":[0,1],"1":[1,1]},"inputSourceMap":null,"_coverageSchema":"1a1c01bbd47fc00a2c39e90264f33305004495a9","hash":"c02151cb97a0432cee3783612cb98cbe714870ea"}
,"C:\\Users\\shiny\\Desktop\\lol_dicts\\loldict2\\frontend\\app\\static\\ts\\src\\darkMode\\toggleFontColor.js": {"path":"C:\\Users\\shiny\\Desktop\\lol_dicts\\loldict2\\frontend\\app\\static\\ts\\src\\darkMode\\toggleFontColor.js","statementMap":{"0":{"start":{"line":3,"column":0},"end":{"line":5,"column":3}},"1":{"start":{"line":6,"column":0},"end":{"line":6,"column":23}},"2":{"start":{"line":7,"column":0},"end":{"line":7,"column":42}},"3":{"start":{"line":8,"column":13},"end":{"line":12,"column":1}},"4":{"start":{"line":16,"column":21},"end":{"line":16,"column":69}},"5":{"start":{"line":18,"column":2},"end":{"line":20,"column":5}},"6":{"start":{"line":19,"column":4},"end":{"line":19,"column":42}}},"fnMap":{"0":{"name":"toggleFontColor","decl":{"start":{"line":15,"column":9},"end":{"line":15,"column":24}},"loc":{"start":{"line":15,"column":27},"end":{"line":21,"column":1}},"line":15},"1":{"name":"(anonymous_1)","decl":{"start":{"line":18,"column":35},"end":{"line":18,"column":36}},"loc":{"start":{"line":18,"column":54},"end":{"line":20,"column":3}},"line":18}},"branchMap":{},"s":{"0":2,"1":2,"2":2,"3":2,"4":1,"5":1,"6":12},"f":{"0":1,"1":12},"b":{},"inputSourceMap":null,"_coverageSchema":"1a1c01bbd47fc00a2c39e90264f33305004495a9","hash":"849a0fb495dac710592017abe0919d2b7d73c463"}
,"C:\\Users\\shiny\\Desktop\\lol_dicts\\loldict2\\frontend\\app\\static\\ts\\src\\utils\\cntStoredKeywords.js": {"path":"C:\\Users\\shiny\\Desktop\\lol_dicts\\loldict2\\frontend\\app\\static\\ts\\src\\utils\\cntStoredKeywords.js","statementMap":{"0":{"start":{"line":3,"column":0},"end":{"line":5,"column":3}},"1":{"start":{"line":6,"column":0},"end":{"line":6,"column":46}},"2":{"start":{"line":12,"column":25},"end":{"line":12,"column":65}},"3":{"start":{"line":13,"column":26},"end":{"line":13,"column":27}},"4":{"start":{"line":14,"column":2},"end":{"line":16,"column":3}},"5":{"start":{"line":15,"column":4},"end":{"line":15,"column":59}},"6":{"start":{"line":17,"column":2},"end":{"line":17,"column":27}}},"fnMap":{"0":{"name":"cntStoredKeywords","decl":{"start":{"line":11,"column":9},"end":{"line":11,"column":26}},"loc":{"start":{"line":11,"column":29},"end":{"line":18,"column":1}},"line":11}},"branchMap":{"0":{"loc":{"start":{"line":14,"column":2},"end":{"line":16,"column":3}},"type":"if","locations":[{"start":{"line":14,"column":2},"end":{"line":16,"column":3}},{"start":{},"end":{}}],"line":14},"1":{"loc":{"start":{"line":14,"column":6},"end":{"line":14,"column":60}},"type":"binary-expr","locations":[{"start":{"line":14,"column":6},"end":{"line":14,"column":24}},{"start":{"line":14,"column":28},"end":{"line":14,"column":60}}],"line":14}},"s":{"0":6,"1":6,"2":6,"3":6,"4":6,"5":5,"6":6},"f":{"0":6},"b":{"0":[5,1],"1":[6,5]},"inputSourceMap":null,"_coverageSchema":"1a1c01bbd47fc00a2c39e90264f33305004495a9","hash":"4f838d83b51653806e980a45a24bf9ec992c1ef9"}
,"C:\\Users\\shiny\\Desktop\\lol_dicts\\loldict2\\frontend\\app\\static\\ts\\src\\utils\\cookie.ts": {"path":"C:\\Users\\shiny\\Desktop\\lol_dicts\\loldict2\\frontend\\app\\static\\ts\\src\\utils\\cookie.ts","statementMap":{"0":{"start":{"line":2,"column":16},"end":{"line":2,"column":38}},"1":{"start":{"line":3,"column":16},"end":{"line":3,"column":41}},"2":{"start":{"line":4,"column":2},"end":{"line":8,"column":null}},"3":{"start":{"line":5,"column":4},"end":{"line":7,"column":null}},"4":{"start":{"line":6,"column":6},"end":{"line":6,"column":58}},"5":{"start":{"line":9,"column":2},"end":{"line":9,"column":12}},"6":{"start":{"line":1,"column":0},"end":{"line":1,"column":16}}},"fnMap":{"0":{"name":"getCookie","decl":{"start":{"line":1,"column":16},"end":{"line":1,"column":25}},"loc":{"start":{"line":1,"column":38},"end":{"line":10,"column":1}}}},"branchMap":{"0":{"loc":{"start":{"line":4,"column":2},"end":{"line":8,"column":null}},"type":"if","locations":[{"start":{"line":4,"column":2},"end":{"line":8,"column":null}}]},"1":{"loc":{"start":{"line":5,"column":4},"end":{"line":7,"column":null}},"type":"if","locations":[{"start":{"line":5,"column":4},"end":{"line":7,"column":null}}]}},"s":{"0":1,"1":1,"2":1,"3":0,"4":0,"5":1,"6":2},"f":{"0":1},"b":{"0":[0],"1":[0]}}
,"C:\\Users\\shiny\\Desktop\\lol_dicts\\loldict2\\frontend\\app\\static\\ts\\src\\utils\\falsy.js": {"path":"C:\\Users\\shiny\\Desktop\\lol_dicts\\loldict2\\frontend\\app\\static\\ts\\src\\utils\\falsy.js","statementMap":{"0":{"start":{"line":3,"column":0},"end":{"line":5,"column":3}}},"fnMap":{},"branchMap":{},"s":{"0":5},"f":{},"b":{},"inputSourceMap":null,"_coverageSchema":"1a1c01bbd47fc00a2c39e90264f33305004495a9","hash":"9ab9c2a0843ddd4e984e5e28484cba9c75f868a3"}
,"C:\\Users\\shiny\\Desktop\\lol_dicts\\loldict2\\frontend\\app\\static\\ts\\src\\utils\\index.js": {"path":"C:\\Users\\shiny\\Desktop\\lol_dicts\\loldict2\\frontend\\app\\static\\ts\\src\\utils\\index.js","statementMap":{"0":{"start":{"line":3,"column":0},"end":{"line":5,"column":3}},"1":{"start":{"line":6,"column":26},"end":{"line":6,"column":57}},"2":{"start":{"line":7,"column":0},"end":{"line":16,"column":3}},"3":{"start":{"line":8,"column":2},"end":{"line":8,"column":56}},"4":{"start":{"line":8,"column":49},"end":{"line":8,"column":56}},"5":{"start":{"line":9,"column":2},"end":{"line":9,"column":74}},"6":{"start":{"line":9,"column":67},"end":{"line":9,"column":74}},"7":{"start":{"line":10,"column":2},"end":{"line":15,"column":5}},"8":{"start":{"line":13,"column":6},"end":{"line":13,"column":38}},"9":{"start":{"line":17,"column":18},"end":{"line":17,"column":41}},"10":{"start":{"line":18,"column":0},"end":{"line":27,"column":3}},"11":{"start":{"line":19,"column":2},"end":{"line":19,"column":56}},"12":{"start":{"line":19,"column":49},"end":{"line":19,"column":56}},"13":{"start":{"line":20,"column":2},"end":{"line":20,"column":66}},"14":{"start":{"line":20,"column":59},"end":{"line":20,"column":66}},"15":{"start":{"line":21,"column":2},"end":{"line":26,"column":5}},"16":{"start":{"line":24,"column":6},"end":{"line":24,"column":30}},"17":{"start":{"line":28,"column":13},"end":{"line":28,"column":31}},"18":{"start":{"line":29,"column":0},"end":{"line":38,"column":3}},"19":{"start":{"line":30,"column":2},"end":{"line":30,"column":56}},"20":{"start":{"line":30,"column":49},"end":{"line":30,"column":56}},"21":{"start":{"line":31,"column":2},"end":{"line":31,"column":61}},"22":{"start":{"line":31,"column":54},"end":{"line":31,"column":61}},"23":{"start":{"line":32,"column":2},"end":{"line":37,"column":5}},"24":{"start":{"line":35,"column":6},"end":{"line":35,"column":25}},"25":{"start":{"line":39,"column":25},"end":{"line":39,"column":55}},"26":{"start":{"line":40,"column":0},"end":{"line":49,"column":3}},"27":{"start":{"line":41,"column":2},"end":{"line":41,"column":56}},"28":{"start":{"line":41,"column":49},"end":{"line":41,"column":56}},"29":{"start":{"line":42,"column":2},"end":{"line":42,"column":73}},"30":{"start":{"line":42,"column":66},"end":{"line":42,"column":73}},"31":{"start":{"line":43,"column":2},"end":{"line":48,"column":5}},"32":{"start":{"line":46,"column":6},"end":{"line":46,"column":37}}},"fnMap":{"0":{"name":"(anonymous_0)","decl":{"start":{"line":7,"column":41},"end":{"line":7,"column":42}},"loc":{"start":{"line":7,"column":56},"end":{"line":16,"column":1}},"line":7},"1":{"name":"get","decl":{"start":{"line":12,"column":18},"end":{"line":12,"column":21}},"loc":{"start":{"line":12,"column":24},"end":{"line":14,"column":5}},"line":12},"2":{"name":"(anonymous_2)","decl":{"start":{"line":18,"column":33},"end":{"line":18,"column":34}},"loc":{"start":{"line":18,"column":48},"end":{"line":27,"column":1}},"line":18},"3":{"name":"get","decl":{"start":{"line":23,"column":18},"end":{"line":23,"column":21}},"loc":{"start":{"line":23,"column":24},"end":{"line":25,"column":5}},"line":23},"4":{"name":"(anonymous_4)","decl":{"start":{"line":29,"column":28},"end":{"line":29,"column":29}},"loc":{"start":{"line":29,"column":43},"end":{"line":38,"column":1}},"line":29},"5":{"name":"get","decl":{"start":{"line":34,"column":18},"end":{"line":34,"column":21}},"loc":{"start":{"line":34,"column":24},"end":{"line":36,"column":5}},"line":34},"6":{"name":"(anonymous_6)","decl":{"start":{"line":40,"column":40},"end":{"line":40,"column":41}},"loc":{"start":{"line":40,"column":55},"end":{"line":49,"column":1}},"line":40},"7":{"name":"get","decl":{"start":{"line":45,"column":18},"end":{"line":45,"column":21}},"loc":{"start":{"line":45,"column":24},"end":{"line":47,"column":5}},"line":45}},"branchMap":{"0":{"loc":{"start":{"line":8,"column":2},"end":{"line":8,"column":56}},"type":"if","locations":[{"start":{"line":8,"column":2},"end":{"line":8,"column":56}},{"start":{},"end":{}}],"line":8},"1":{"loc":{"start":{"line":8,"column":6},"end":{"line":8,"column":47}},"type":"binary-expr","locations":[{"start":{"line":8,"column":6},"end":{"line":8,"column":23}},{"start":{"line":8,"column":27},"end":{"line":8,"column":47}}],"line":8},"2":{"loc":{"start":{"line":9,"column":2},"end":{"line":9,"column":74}},"type":"if","locations":[{"start":{"line":9,"column":2},"end":{"line":9,"column":74}},{"start":{},"end":{}}],"line":9},"3":{"loc":{"start":{"line":9,"column":6},"end":{"line":9,"column":65}},"type":"binary-expr","locations":[{"start":{"line":9,"column":6},"end":{"line":9,"column":20}},{"start":{"line":9,"column":24},"end":{"line":9,"column":65}}],"line":9},"4":{"loc":{"start":{"line":19,"column":2},"end":{"line":19,"column":56}},"type":"if","locations":[{"start":{"line":19,"column":2},"end":{"line":19,"column":56}},{"start":{},"end":{}}],"line":19},"5":{"loc":{"start":{"line":19,"column":6},"end":{"line":19,"column":47}},"type":"binary-expr","locations":[{"start":{"line":19,"column":6},"end":{"line":19,"column":23}},{"start":{"line":19,"column":27},"end":{"line":19,"column":47}}],"line":19},"6":{"loc":{"start":{"line":20,"column":2},"end":{"line":20,"column":66}},"type":"if","locations":[{"start":{"line":20,"column":2},"end":{"line":20,"column":66}},{"start":{},"end":{}}],"line":20},"7":{"loc":{"start":{"line":20,"column":6},"end":{"line":20,"column":57}},"type":"binary-expr","locations":[{"start":{"line":20,"column":6},"end":{"line":20,"column":20}},{"start":{"line":20,"column":24},"end":{"line":20,"column":57}}],"line":20},"8":{"loc":{"start":{"line":30,"column":2},"end":{"line":30,"column":56}},"type":"if","locations":[{"start":{"line":30,"column":2},"end":{"line":30,"column":56}},{"start":{},"end":{}}],"line":30},"9":{"loc":{"start":{"line":30,"column":6},"end":{"line":30,"column":47}},"type":"binary-expr","locations":[{"start":{"line":30,"column":6},"end":{"line":30,"column":23}},{"start":{"line":30,"column":27},"end":{"line":30,"column":47}}],"line":30},"10":{"loc":{"start":{"line":31,"column":2},"end":{"line":31,"column":61}},"type":"if","locations":[{"start":{"line":31,"column":2},"end":{"line":31,"column":61}},{"start":{},"end":{}}],"line":31},"11":{"loc":{"start":{"line":31,"column":6},"end":{"line":31,"column":52}},"type":"binary-expr","locations":[{"start":{"line":31,"column":6},"end":{"line":31,"column":20}},{"start":{"line":31,"column":24},"end":{"line":31,"column":52}}],"line":31},"12":{"loc":{"start":{"line":41,"column":2},"end":{"line":41,"column":56}},"type":"if","locations":[{"start":{"line":41,"column":2},"end":{"line":41,"column":56}},{"start":{},"end":{}}],"line":41},"13":{"loc":{"start":{"line":41,"column":6},"end":{"line":41,"column":47}},"type":"binary-expr","locations":[{"start":{"line":41,"column":6},"end":{"line":41,"column":23}},{"start":{"line":41,"column":27},"end":{"line":41,"column":47}}],"line":41},"14":{"loc":{"start":{"line":42,"column":2},"end":{"line":42,"column":73}},"type":"if","locations":[{"start":{"line":42,"column":2},"end":{"line":42,"column":73}},{"start":{},"end":{}}],"line":42},"15":{"loc":{"start":{"line":42,"column":6},"end":{"line":42,"column":64}},"type":"binary-expr","locations":[{"start":{"line":42,"column":6},"end":{"line":42,"column":20}},{"start":{"line":42,"column":24},"end":{"line":42,"column":64}}],"line":42}},"s":{"0":5,"1":5,"2":5,"3":15,"4":0,"5":15,"6":0,"7":15,"8":3,"9":5,"10":5,"11":20,"12":0,"13":20,"14":0,"15":20,"16":70,"17":5,"18":5,"19":0,"20":0,"21":0,"22":0,"23":0,"24":0,"25":5,"26":5,"27":5,"28":0,"29":5,"30":0,"31":5,"32":3},"f":{"0":15,"1":3,"2":20,"3":70,"4":0,"5":0,"6":5,"7":3},"b":{"0":[0,15],"1":[15,15],"2":[0,15],"3":[15,0],"4":[0,20],"5":[20,20],"6":[0,20],"7":[20,0],"8":[0,0],"9":[0,0],"10":[0,0],"11":[0,0],"12":[0,5],"13":[5,5],"14":[0,5],"15":[5,0]},"inputSourceMap":null,"_coverageSchema":"1a1c01bbd47fc00a2c39e90264f33305004495a9","hash":"e14e0302b8bdf4d9d2df19d1fd93149943d73e55"}
,"C:\\Users\\shiny\\Desktop\\lol_dicts\\loldict2\\frontend\\app\\static\\ts\\src\\utils\\store2localStorage.js": {"path":"C:\\Users\\shiny\\Desktop\\lol_dicts\\loldict2\\frontend\\app\\static\\ts\\src\\utils\\store2localStorage.js","statementMap":{"0":{"start":{"line":3,"column":0},"end":{"line":5,"column":3}},"1":{"start":{"line":6,"column":0},"end":{"line":6,"column":28}},"2":{"start":{"line":7,"column":0},"end":{"line":7,"column":48}},"3":{"start":{"line":8,"column":0},"end":{"line":8,"column":48}},"4":{"start":{"line":9,"column":13},"end":{"line":9,"column":31}},"5":{"start":{"line":17,"column":24},"end":{"line":17,"column":26}},"6":{"start":{"line":18,"column":25},"end":{"line":18,"column":72}},"7":{"start":{"line":19,"column":2},"end":{"line":21,"column":3}},"8":{"start":{"line":20,"column":4},"end":{"line":20,"column":11}},"9":{"start":{"line":22,"column":21},"end":{"line":22,"column":28}},"10":{"start":{"line":25,"column":2},"end":{"line":28,"column":3}},"11":{"start":{"line":26,"column":4},"end":{"line":26,"column":66}},"12":{"start":{"line":27,"column":4},"end":{"line":27,"column":11}},"13":{"start":{"line":32,"column":2},"end":{"line":36,"column":3}},"14":{"start":{"line":33,"column":4},"end":{"line":33,"column":42}},"15":{"start":{"line":35,"column":4},"end":{"line":35,"column":51}},"16":{"start":{"line":38,"column":24},"end":{"line":38,"column":26}},"17":{"start":{"line":39,"column":2},"end":{"line":43,"column":5}},"18":{"start":{"line":40,"column":4},"end":{"line":42,"column":5}},"19":{"start":{"line":41,"column":6},"end":{"line":41,"column":33}},"20":{"start":{"line":44,"column":25},"end":{"line":44,"column":47}},"21":{"start":{"line":49,"column":2},"end":{"line":55,"column":3}},"22":{"start":{"line":50,"column":4},"end":{"line":53,"column":6}},"23":{"start":{"line":54,"column":4},"end":{"line":54,"column":11}},"24":{"start":{"line":58,"column":2},"end":{"line":64,"column":3}},"25":{"start":{"line":59,"column":4},"end":{"line":62,"column":6}},"26":{"start":{"line":63,"column":4},"end":{"line":63,"column":11}},"27":{"start":{"line":67,"column":2},"end":{"line":70,"column":4}},"28":{"start":{"line":81,"column":28},"end":{"line":81,"column":46}},"29":{"start":{"line":82,"column":2},"end":{"line":86,"column":3}},"30":{"start":{"line":82,"column":15},"end":{"line":82,"column":16}},"31":{"start":{"line":83,"column":4},"end":{"line":85,"column":34}},"32":{"start":{"line":87,"column":2},"end":{"line":89,"column":30}},"33":{"start":{"line":90,"column":2},"end":{"line":90,"column":29}},"34":{"start":{"line":104,"column":2},"end":{"line":106,"column":3}},"35":{"start":{"line":105,"column":4},"end":{"line":105,"column":35}},"36":{"start":{"line":108,"column":14},"end":{"line":108,"column":51}},"37":{"start":{"line":109,"column":2},"end":{"line":109,"column":35}},"38":{"start":{"line":110,"column":28},"end":{"line":110,"column":46}},"39":{"start":{"line":112,"column":2},"end":{"line":116,"column":3}},"40":{"start":{"line":112,"column":15},"end":{"line":112,"column":16}},"41":{"start":{"line":113,"column":4},"end":{"line":115,"column":34}},"42":{"start":{"line":118,"column":2},"end":{"line":120,"column":26}},"43":{"start":{"line":121,"column":2},"end":{"line":121,"column":29}}},"fnMap":{"0":{"name":"store2localStorage","decl":{"start":{"line":15,"column":9},"end":{"line":15,"column":27}},"loc":{"start":{"line":15,"column":37},"end":{"line":71,"column":1}},"line":15},"1":{"name":"(anonymous_1)","decl":{"start":{"line":39,"column":27},"end":{"line":39,"column":28}},"loc":{"start":{"line":39,"column":43},"end":{"line":43,"column":3}},"line":39},"2":{"name":"removeOldestAndAdd","decl":{"start":{"line":80,"column":9},"end":{"line":80,"column":27}},"loc":{"start":{"line":80,"column":63},"end":{"line":91,"column":1}},"line":80},"3":{"name":"move2end","decl":{"start":{"line":103,"column":9},"end":{"line":103,"column":17}},"loc":{"start":{"line":103,"column":49},"end":{"line":122,"column":1}},"line":103}},"branchMap":{"0":{"loc":{"start":{"line":19,"column":2},"end":{"line":21,"column":3}},"type":"if","locations":[{"start":{"line":19,"column":2},"end":{"line":21,"column":3}},{"start":{},"end":{}}],"line":19},"1":{"loc":{"start":{"line":25,"column":2},"end":{"line":28,"column":3}},"type":"if","locations":[{"start":{"line":25,"column":2},"end":{"line":28,"column":3}},{"start":{},"end":{}}],"line":25},"2":{"loc":{"start":{"line":25,"column":6},"end":{"line":25,"column":58}},"type":"binary-expr","locations":[{"start":{"line":25,"column":6},"end":{"line":25,"column":31}},{"start":{"line":25,"column":35},"end":{"line":25,"column":58}}],"line":25},"3":{"loc":{"start":{"line":32,"column":2},"end":{"line":36,"column":3}},"type":"if","locations":[{"start":{"line":32,"column":2},"end":{"line":36,"column":3}},{"start":{"line":34,"column":9},"end":{"line":36,"column":3}}],"line":32},"4":{"loc":{"start":{"line":40,"column":4},"end":{"line":42,"column":5}},"type":"if","locations":[{"start":{"line":40,"column":4},"end":{"line":42,"column":5}},{"start":{},"end":{}}],"line":40},"5":{"loc":{"start":{"line":49,"column":2},"end":{"line":55,"column":3}},"type":"if","locations":[{"start":{"line":49,"column":2},"end":{"line":55,"column":3}},{"start":{},"end":{}}],"line":49},"6":{"loc":{"start":{"line":58,"column":2},"end":{"line":64,"column":3}},"type":"if","locations":[{"start":{"line":58,"column":2},"end":{"line":64,"column":3}},{"start":{},"end":{}}],"line":58},"7":{"loc":{"start":{"line":104,"column":2},"end":{"line":106,"column":3}},"type":"if","locations":[{"start":{"line":104,"column":2},"end":{"line":106,"column":3}},{"start":{},"end":{}}],"line":104},"8":{"loc":{"start":{"line":104,"column":6},"end":{"line":104,"column":73}},"type":"binary-expr","locations":[{"start":{"line":104,"column":6},"end":{"line":104,"column":34}},{"start":{"line":104,"column":38},"end":{"line":104,"column":73}}],"line":104}},"s":{"0":5,"1":5,"2":5,"3":5,"4":5,"5":9,"6":9,"7":9,"8":1,"9":8,"10":8,"11":2,"12":2,"13":6,"14":2,"15":4,"16":6,"17":6,"18":26,"19":26,"20":6,"21":6,"22":4,"23":4,"24":2,"25":1,"26":1,"27":1,"28":2,"29":2,"30":2,"31":16,"32":2,"33":2,"34":5,"35":2,"36":3,"37":3,"38":3,"39":3,"40":3,"41":7,"42":3,"43":3},"f":{"0":9,"1":26,"2":2,"3":5},"b":{"0":[1,8],"1":[2,6],"2":[8,7],"3":[2,4],"4":[26,0],"5":[4,2],"6":[1,1],"7":[2,3],"8":[5,2]},"inputSourceMap":null,"_coverageSchema":"1a1c01bbd47fc00a2c39e90264f33305004495a9","hash":"768b78cfbe44ab070610d0bd23226041a74145ed"}
,"C:\\Users\\shiny\\Desktop\\lol_dicts\\loldict2\\frontend\\app\\static\\ts\\src\\utils\\validators.js": {"path":"C:\\Users\\shiny\\Desktop\\lol_dicts\\loldict2\\frontend\\app\\static\\ts\\src\\utils\\validators.js","statementMap":{"0":{"start":{"line":3,"column":0},"end":{"line":5,"column":3}},"1":{"start":{"line":6,"column":0},"end":{"line":6,"column":40}},"2":{"start":{"line":7,"column":0},"end":{"line":7,"column":56}},"3":{"start":{"line":8,"column":0},"end":{"line":8,"column":50}},"4":{"start":{"line":9,"column":0},"end":{"line":9,"column":36}},"5":{"start":{"line":26,"column":29},"end":{"line":52,"column":3}},"6":{"start":{"line":53,"column":2},"end":{"line":53,"column":60}},"7":{"start":{"line":62,"column":29},"end":{"line":94,"column":3}},"8":{"start":{"line":95,"column":2},"end":{"line":95,"column":67}},"9":{"start":{"line":106,"column":37},"end":{"line":108,"column":3}},"10":{"start":{"line":111,"column":2},"end":{"line":119,"column":3}},"11":{"start":{"line":112,"column":4},"end":{"line":118,"column":6}},"12":{"start":{"line":123,"column":23},"end":{"line":123,"column":46}},"13":{"start":{"line":124,"column":29},"end":{"line":124,"column":79}},"14":{"start":{"line":125,"column":2},"end":{"line":130,"column":3}},"15":{"start":{"line":126,"column":4},"end":{"line":129,"column":6}},"16":{"start":{"line":135,"column":2},"end":{"line":151,"column":3}},"17":{"start":{"line":135,"column":15},"end":{"line":135,"column":16}},"18":{"start":{"line":136,"column":27},"end":{"line":136,"column":50}},"19":{"start":{"line":137,"column":4},"end":{"line":150,"column":5}},"20":{"start":{"line":142,"column":6},"end":{"line":149,"column":8}},"21":{"start":{"line":155,"column":2},"end":{"line":158,"column":4}},"22":{"start":{"line":169,"column":15},"end":{"line":169,"column":19}},"23":{"start":{"line":170,"column":2},"end":{"line":173,"column":3}},"24":{"start":{"line":170,"column":15},"end":{"line":170,"column":16}},"25":{"start":{"line":171,"column":15},"end":{"line":171,"column":37}},"26":{"start":{"line":172,"column":4},"end":{"line":172,"column":39}},"27":{"start":{"line":174,"column":2},"end":{"line":174,"column":16}},"28":{"start":{"line":175,"column":2},"end":{"line":175,"column":34}}},"fnMap":{"0":{"name":"validateWord","decl":{"start":{"line":25,"column":9},"end":{"line":25,"column":21}},"loc":{"start":{"line":25,"column":28},"end":{"line":54,"column":1}},"line":25},"1":{"name":"validateDescription","decl":{"start":{"line":61,"column":9},"end":{"line":61,"column":28}},"loc":{"start":{"line":61,"column":42},"end":{"line":96,"column":1}},"line":61},"2":{"name":"returnValidationResult","decl":{"start":{"line":104,"column":9},"end":{"line":104,"column":31}},"loc":{"start":{"line":104,"column":62},"end":{"line":159,"column":1}},"line":104},"3":{"name":"createRegexpGu","decl":{"start":{"line":168,"column":9},"end":{"line":168,"column":23}},"loc":{"start":{"line":168,"column":45},"end":{"line":176,"column":1}},"line":168}},"branchMap":{"0":{"loc":{"start":{"line":111,"column":2},"end":{"line":119,"column":3}},"type":"if","locations":[{"start":{"line":111,"column":2},"end":{"line":119,"column":3}},{"start":{},"end":{}}],"line":111},"1":{"loc":{"start":{"line":125,"column":2},"end":{"line":130,"column":3}},"type":"if","locations":[{"start":{"line":125,"column":2},"end":{"line":130,"column":3}},{"start":{},"end":{}}],"line":125},"2":{"loc":{"start":{"line":137,"column":4},"end":{"line":150,"column":5}},"type":"if","locations":[{"start":{"line":137,"column":4},"end":{"line":150,"column":5}},{"start":{},"end":{}}],"line":137}},"s":{"0":6,"1":6,"2":6,"3":6,"4":6,"5":69,"6":69,"7":6,"8":6,"9":75,"10":75,"11":2,"12":73,"13":73,"14":73,"15":62,"16":11,"17":11,"18":17,"19":17,"20":11,"21":0,"22":76,"23":76,"24":76,"25":152,"26":152,"27":76,"28":76},"f":{"0":69,"1":6,"2":75,"3":76},"b":{"0":[2,73],"1":[62,11],"2":[11,6]},"inputSourceMap":null,"_coverageSchema":"1a1c01bbd47fc00a2c39e90264f33305004495a9","hash":"7f1c5cc6f827e695e89a416eea3ed88cd507bf27"}
,"C:\\Users\\shiny\\Desktop\\lol_dicts\\loldict2\\frontend\\app\\static\\ts\\test\\testTools\\index.ts": {"path":"C:\\Users\\shiny\\Desktop\\lol_dicts\\loldict2\\frontend\\app\\static\\ts\\test\\testTools\\index.ts","statementMap":{"0":{"start":{"line":1,"column":0},"end":{"line":1,"column":27}},"1":{"start":{"line":2,"column":0},"end":{"line":2,"column":33}},"2":{"start":{"line":3,"column":0},"end":{"line":3,"column":26}},"3":{"start":{"line":4,"column":0},"end":{"line":4,"column":35}}},"fnMap":{},"branchMap":{},"s":{"0":11,"1":11,"2":11,"3":11},"f":{},"b":{}}
,"C:\\Users\\shiny\\Desktop\\lol_dicts\\loldict2\\frontend\\app\\static\\ts\\test\\testTools\\loadHTML.ts": {"path":"C:\\Users\\shiny\\Desktop\\lol_dicts\\loldict2\\frontend\\app\\static\\ts\\test\\testTools\\loadHTML.ts","statementMap":{"0":{"start":{"line":9,"column":13},"end":{"line":9,"column":26}},"1":{"start":{"line":10,"column":18},"end":{"line":10,"column":77}},"2":{"start":{"line":11,"column":2},"end":{"line":11,"column":36}},"3":{"start":{"line":7,"column":0},"end":{"line":7,"column":16}}},"fnMap":{"0":{"name":"loadHTML","decl":{"start":{"line":7,"column":16},"end":{"line":7,"column":24}},"loc":{"start":{"line":7,"column":70},"end":{"line":12,"column":1}}}},"branchMap":{"0":{"loc":{"start":{"line":7,"column":25},"end":{"line":7,"column":70}},"type":"default-arg","locations":[{"start":{"line":7,"column":44},"end":{"line":7,"column":70}}]}},"s":{"0":9,"1":9,"2":9,"3":11},"f":{"0":9},"b":{"0":[6]}}
,"C:\\Users\\shiny\\Desktop\\lol_dicts\\loldict2\\frontend\\app\\static\\ts\\test\\testTools\\mockLocalStorage.ts": {"path":"C:\\Users\\shiny\\Desktop\\lol_dicts\\loldict2\\frontend\\app\\static\\ts\\test\\testTools\\mockLocalStorage.ts","statementMap":{"0":{"start":{"line":4,"column":28},"end":{"line":18,"column":5}},"1":{"start":{"line":5,"column":21},"end":{"line":5,"column":28}},"2":{"start":{"line":7,"column":4},"end":{"line":17,"column":6}},"3":{"start":{"line":9,"column":8},"end":{"line":9,"column":34}},"4":{"start":{"line":12,"column":8},"end":{"line":12,"column":38}},"5":{"start":{"line":15,"column":8},"end":{"line":15,"column":19}},"6":{"start":{"line":20,"column":2},"end":{"line":22,"column":5}},"7":{"start":{"line":3,"column":0},"end":{"line":3,"column":16}}},"fnMap":{"0":{"name":"createMockLocalStorage","decl":{"start":{"line":3,"column":16},"end":{"line":3,"column":38}},"loc":{"start":{"line":3,"column":51},"end":{"line":23,"column":1}}},"1":{"name":"(anonymous_1)","decl":{"start":{"line":4,"column":28},"end":{"line":4,"column":null}},"loc":{"start":{"line":4,"column":28},"end":{"line":18,"column":3}}},"2":{"name":"(anonymous_2)","decl":{"start":{"line":8,"column":6},"end":{"line":8,"column":13}},"loc":{"start":{"line":8,"column":25},"end":{"line":10,"column":7}}},"3":{"name":"(anonymous_3)","decl":{"start":{"line":11,"column":6},"end":{"line":11,"column":13}},"loc":{"start":{"line":11,"column":40},"end":{"line":13,"column":7}}},"4":{"name":"(anonymous_4)","decl":{"start":{"line":14,"column":6},"end":{"line":14,"column":11}},"loc":{"start":{"line":14,"column":11},"end":{"line":16,"column":7}}}},"branchMap":{"0":{"loc":{"start":{"line":9,"column":15},"end":{"line":9,"column":33}},"type":"cond-expr","locations":[{"start":{"line":9,"column":25},"end":{"line":9,"column":29}},{"start":{"line":9,"column":29},"end":{"line":9,"column":33}}]},"1":{"loc":{"start":{"line":9,"column":15},"end":{"line":9,"column":29}},"type":"binary-expr","locations":[{"start":{"line":9,"column":15},"end":{"line":9,"column":29}},{"start":{"line":9,"column":25},"end":{"line":9,"column":29}}]}},"s":{"0":3,"1":3,"2":3,"3":16,"4":12,"5":0,"6":3,"7":11},"f":{"0":3,"1":3,"2":16,"3":12,"4":0},"b":{"0":[12,4],"1":[16,16]}}
,"C:\\Users\\shiny\\Desktop\\lol_dicts\\loldict2\\frontend\\app\\static\\ts\\test\\testTools\\mockWindowHref.ts": {"path":"C:\\Users\\shiny\\Desktop\\lol_dicts\\loldict2\\frontend\\app\\static\\ts\\test\\testTools\\mockWindowHref.ts","statementMap":{"0":{"start":{"line":6,"column":2},"end":{"line":6,"column":33}},"1":{"start":{"line":7,"column":14},"end":{"line":7,"column":32}},"2":{"start":{"line":8,"column":2},"end":{"line":13,"column":5}},"3":{"start":{"line":4,"column":0},"end":{"line":4,"column":16}}},"fnMap":{"0":{"name":"mockWindowHref","decl":{"start":{"line":4,"column":16},"end":{"line":4,"column":30}},"loc":{"start":{"line":4,"column":30},"end":{"line":14,"column":1}}}},"branchMap":{},"s":{"0":2,"1":2,"2":2,"3":11},"f":{"0":2},"b":{}}
,"C:\\Users\\shiny\\Desktop\\lol_dicts\\loldict2\\frontend\\app\\static\\ts\\test\\testTools\\mockXhr.ts": {"path":"C:\\Users\\shiny\\Desktop\\lol_dicts\\loldict2\\frontend\\app\\static\\ts\\test\\testTools\\mockXhr.ts","statementMap":{"0":{"start":{"line":10,"column":43},"end":{"line":18,"column":4}},"1":{"start":{"line":19,"column":2},"end":{"line":21,"column":57}},"2":{"start":{"line":21,"column":30},"end":{"line":21,"column":55}},"3":{"start":{"line":22,"column":2},"end":{"line":22,"column":17}},"4":{"start":{"line":8,"column":0},"end":{"line":8,"column":16}}},"fnMap":{"0":{"name":"mockXhr","decl":{"start":{"line":8,"column":16},"end":{"line":8,"column":23}},"loc":{"start":{"line":8,"column":23},"end":{"line":23,"column":1}}},"1":{"name":"(anonymous_1)","decl":{"start":{"line":21,"column":24},"end":{"line":21,"column":27}},"loc":{"start":{"line":21,"column":30},"end":{"line":21,"column":55}}}},"branchMap":{},"s":{"0":1,"1":1,"2":1,"3":1,"4":11},"f":{"0":1,"1":1},"b":{}}
}
