TN:
SF:app\static\ts\src\cleanValidationErrMsg.ts
FN:9,cleanValidationErrMsg
FN:13,cleanMsg
FN:14,(anonymous_2)
FN:15,(anonymous_3)
FNF:4
FNH:4
FNDA:1,cleanValidationErrMsg
FNDA:1,cleanMsg
FNDA:4,(anonymous_2)
FNDA:4,(anonymous_3)
DA:1,2
DA:9,2
DA:10,1
DA:14,1
DA:15,4
DA:16,4
LF:6
LH:6
BRDA:15,0,0,0
BRDA:15,0,1,4
BRDA:15,1,0,4
BRDA:15,1,1,4
BRF:4
BRH:3
end_of_record
TN:
SF:app\static\ts\src\displaySearchingHistory.ts
FN:18,displaySearchingHistory
FN:44,createHtml4SearchingHistory
FN:77,(anonymous_2)
FN:83,(anonymous_3)
FN:113,convert2classCode
FNF:5
FNH:5
FNDA:4,displaySearchingHistory
FNDA:10,createHtml4SearchingHistory
FNDA:11,(anonymous_2)
FNDA:12,(anonymous_3)
FNDA:33,convert2classCode
DA:2,2
DA:4,2
DA:10,2
DA:18,2
DA:21,4
DA:24,4
DA:29,4
DA:30,4
DA:31,3
DA:44,2
DA:59,10
DA:60,3
DA:65,7
DA:67,3
DA:69,4
DA:72,7
DA:73,7
DA:77,11
DA:78,7
DA:79,1
DA:83,6
DA:86,12
DA:87,2
DA:91,10
DA:92,10
DA:93,10
DA:96,10
DA:97,10
DA:98,10
DA:101,10
DA:103,6
DA:113,2
DA:115,33
DA:116,1
DA:119,32
DA:120,32
DA:121,91
DA:123,32
DA:124,32
LF:39
LH:39
BRDA:30,0,0,3
BRDA:30,1,0,4
BRDA:30,1,1,3
BRDA:59,2,0,3
BRDA:65,3,0,3
BRDA:65,3,1,4
BRDA:77,4,0,11
BRDA:77,4,1,10
BRDA:77,4,2,8
BRDA:78,5,0,1
BRDA:86,6,0,2
BRDA:86,7,0,12
BRDA:86,7,1,12
BRDA:86,7,2,11
BRDA:115,8,0,1
BRF:15
BRH:15
end_of_record
TN:
SF:app\static\ts\src\index.ts
FNF:0
FNH:0
DA:1,1
DA:2,1
DA:4,1
DA:5,1
DA:6,1
DA:7,1
DA:8,1
DA:9,1
DA:10,1
DA:11,1
LF:10
LH:10
BRF:0
BRH:0
end_of_record
TN:
SF:app\static\ts\src\insertHomepageLink.ts
FN:2,insertHomepageLink
FN:3,(anonymous_1)
FNF:2
FNH:2
FNDA:1,insertHomepageLink
FNDA:1,(anonymous_1)
DA:2,2
DA:3,1
DA:5,1
DA:6,1
LF:4
LH:4
BRDA:6,0,0,0
BRDA:6,0,1,1
BRDA:6,1,0,1
BRDA:6,1,1,1
BRF:4
BRH:3
end_of_record
TN:
SF:app\static\ts\src\registerTranslation.ts
FN:12,registerTranslation
FN:19,registerIfValid
FN:75,(anonymous_2)
FNF:3
FNH:3
FNDA:4,registerTranslation
FNDA:4,registerIfValid
FNDA:1,(anonymous_2)
DA:1,2
DA:2,2
DA:4,2
DA:12,2
DA:13,4
DA:19,2
DA:21,4
DA:22,4
DA:23,4
DA:24,4
DA:29,4
DA:32,4
DA:35,4
DA:40,4
DA:41,1
DA:44,1
DA:46,3
DA:47,1
DA:50,1
DA:52,2
DA:53,1
DA:56,1
DA:60,1
DA:61,1
DA:69,1
DA:71,1
DA:72,1
DA:73,1
DA:74,1
DA:75,1
DA:76,1
DA:78,1
DA:79,1
DA:82,1
LF:34
LH:34
BRDA:13,0,0,0
BRDA:13,0,1,4
BRDA:13,1,0,4
BRDA:13,1,1,4
BRDA:40,2,0,1
BRDA:46,3,0,1
BRDA:52,4,0,1
BRDA:76,5,0,1
BRDA:76,6,0,1
BRDA:76,6,1,1
BRF:10
BRH:9
end_of_record
TN:
SF:app\static\ts\src\scrollSearchingHistory.ts
FN:5,scrollSearchingHistory
FN:7,(anonymous_1)
FN:10,(anonymous_2)
FN:11,(anonymous_3)
FN:19,(anonymous_4)
FN:33,scroll
FNF:6
FNH:1
FNDA:0,scrollSearchingHistory
FNDA:0,(anonymous_1)
FNDA:0,(anonymous_2)
FNDA:0,(anonymous_3)
FNDA:0,(anonymous_4)
FNDA:2,scroll
DA:1,2
DA:2,2
DA:5,2
DA:6,0
DA:7,0
DA:8,0
DA:11,0
DA:12,0
DA:17,0
DA:20,0
DA:33,2
DA:34,2
DA:37,2
DA:38,1
DA:39,1
DA:40,1
LF:16
LH:9
BRDA:8,0,0,0
BRDA:8,0,1,0
BRDA:8,1,0,0
BRDA:8,1,1,0
BRDA:37,2,0,1
BRDA:37,2,1,1
BRDA:37,3,0,2
BRDA:37,3,1,1
BRDA:39,4,0,1
BRDA:39,5,0,1
BRDA:39,5,1,1
BRF:11
BRH:7
end_of_record
TN:
SF:app\static\ts\src\searchForTranslation.ts
FN:8,searchForTranslation
FN:11,(anonymous_1)
FN:20,searchIfValid
FNF:3
FNH:3
FNDA:1,searchForTranslation
FNDA:2,(anonymous_1)
FNDA:2,searchIfValid
DA:1,2
DA:8,2
DA:9,1
DA:12,2
DA:20,2
DA:21,2
DA:22,2
DA:25,2
DA:27,2
DA:29,2
DA:30,1
DA:31,1
DA:34,1
DA:36,1
DA:37,1
LF:15
LH:15
BRDA:9,0,0,0
BRDA:9,0,1,1
BRDA:9,1,0,1
BRDA:9,1,1,1
BRDA:29,2,0,1
BRDA:29,3,0,2
BRDA:29,3,1,2
BRF:7
BRH:6
end_of_record
TN:
SF:app\static\ts\src\searchFromSearchingHistory.ts
FN:11,searchFromSearchingHistory
FN:18,(anonymous_1)
FNF:2
FNH:2
FNDA:3,searchFromSearchingHistory
FNDA:2,(anonymous_1)
DA:1,1
DA:11,1
DA:12,3
DA:13,3
DA:14,9
DA:15,9
DA:16,9
DA:18,9
DA:19,2
DA:20,0
DA:23,2
DA:24,0
DA:27,2
DA:28,2
LF:14
LH:12
BRDA:15,0,0,4
BRDA:15,0,1,5
BRDA:15,1,0,9
BRDA:15,1,1,5
BRDA:16,2,0,4
BRDA:16,2,1,5
BRDA:16,3,0,9
BRDA:16,3,1,9
BRDA:18,4,0,4
BRDA:18,4,1,5
BRDA:18,5,0,9
BRDA:18,5,1,9
BRDA:19,6,0,0
BRDA:23,7,0,0
BRF:14
BRH:12
end_of_record
TN:
SF:app\static\ts\src\switchVisibilityRegistrationForm.ts
FN:2,switchVisibilityRegistrationForm
FN:4,(anonymous_1)
FNF:2
FNH:2
FNDA:1,switchVisibilityRegistrationForm
FNDA:2,(anonymous_1)
DA:2,2
DA:3,1
DA:4,1
DA:5,2
DA:6,2
DA:8,2
DA:9,1
DA:10,1
DA:11,1
LF:9
LH:9
BRDA:4,0,0,0
BRDA:4,0,1,1
BRDA:4,1,0,1
BRDA:4,1,1,1
BRDA:8,2,0,1
BRDA:8,2,1,1
BRDA:8,3,0,2
BRDA:8,3,1,2
BRDA:10,4,0,1
BRF:9
BRH:8
end_of_record
TN:
SF:app\static\ts\src\darkMode\index.js
FN:7,(anonymous_0)
FN:12,get
FN:18,(anonymous_2)
FN:23,get
FN:29,(anonymous_4)
FN:34,get
FN:40,(anonymous_6)
FN:45,get
FNF:8
FNH:4
FNDA:2,(anonymous_0)
FNDA:0,get
FNDA:1,(anonymous_2)
FNDA:0,get
FNDA:1,(anonymous_4)
FNDA:0,get
FNDA:1,(anonymous_6)
FNDA:0,get
DA:3,1
DA:6,1
DA:7,1
DA:8,2
DA:9,2
DA:10,2
DA:13,0
DA:17,1
DA:18,1
DA:19,1
DA:20,1
DA:21,1
DA:24,0
DA:28,1
DA:29,1
DA:30,1
DA:31,1
DA:32,1
DA:35,0
DA:39,1
DA:40,1
DA:41,1
DA:42,1
DA:43,1
DA:46,0
LF:25
LH:21
BRDA:8,0,0,0
BRDA:8,0,1,2
BRDA:8,1,0,2
BRDA:8,1,1,2
BRDA:9,2,0,0
BRDA:9,2,1,2
BRDA:9,3,0,2
BRDA:9,3,1,0
BRDA:19,4,0,0
BRDA:19,4,1,1
BRDA:19,5,0,1
BRDA:19,5,1,1
BRDA:20,6,0,0
BRDA:20,6,1,1
BRDA:20,7,0,1
BRDA:20,7,1,0
BRDA:30,8,0,0
BRDA:30,8,1,1
BRDA:30,9,0,1
BRDA:30,9,1,1
BRDA:31,10,0,0
BRDA:31,10,1,1
BRDA:31,11,0,1
BRDA:31,11,1,0
BRDA:41,12,0,0
BRDA:41,12,1,1
BRDA:41,13,0,1
BRDA:41,13,1,1
BRDA:42,14,0,0
BRDA:42,14,1,1
BRDA:42,15,0,1
BRDA:42,15,1,0
BRF:32
BRH:20
end_of_record
TN:
SF:app\static\ts\src\darkMode\initializeDarkMode.js
FN:12,initializeDarkMode
FNF:1
FNH:1
FNDA:2,initializeDarkMode
DA:3,2
DA:6,2
DA:13,2
DA:18,1
DA:19,1
DA:21,1
DA:22,1
LF:7
LH:7
BRDA:13,0,0,1
BRDA:13,0,1,1
BRDA:14,1,0,2
BRDA:14,1,1,1
BRDA:14,1,2,0
BRF:5
BRH:4
end_of_record
TN:
SF:app\static\ts\src\darkMode\initializeDarkModeBtn.js
FN:9,initializeDarkModeBtn
FNF:1
FNH:1
FNDA:2,initializeDarkModeBtn
DA:3,2
DA:6,2
DA:10,2
DA:11,2
DA:12,0
DA:14,2
DA:15,1
DA:17,1
LF:8
LH:7
BRDA:11,0,0,0
BRDA:11,0,1,2
BRDA:14,1,0,1
BRDA:14,1,1,1
BRF:4
BRH:3
end_of_record
TN:
SF:app\static\ts\src\darkMode\toggleDarkMode.js
FN:8,toggleDarkMode
FN:13,(anonymous_1)
FNF:2
FNH:2
FNDA:1,toggleDarkMode
FNDA:2,(anonymous_1)
DA:3,2
DA:6,2
DA:9,1
DA:10,1
DA:11,0
DA:13,1
DA:14,2
DA:15,1
DA:17,1
DA:19,1
DA:20,1
LF:11
LH:10
BRDA:10,0,0,0
BRDA:10,0,1,1
BRDA:14,1,0,1
BRDA:14,1,1,1
BRF:4
BRH:3
end_of_record
TN:
SF:app\static\ts\src\darkMode\toggleFontColor.js
FN:15,toggleFontColor
FN:18,(anonymous_1)
FNF:2
FNH:2
FNDA:1,toggleFontColor
FNDA:12,(anonymous_1)
DA:3,2
DA:6,2
DA:7,2
DA:8,2
DA:16,1
DA:18,1
DA:19,12
LF:7
LH:7
BRF:0
BRH:0
end_of_record
TN:
SF:app\static\ts\src\utils\cntStoredKeywords.js
FN:11,cntStoredKeywords
FNF:1
FNH:1
FNDA:6,cntStoredKeywords
DA:3,6
DA:6,6
DA:12,6
DA:13,6
DA:14,6
DA:15,5
DA:17,6
LF:7
LH:7
BRDA:14,0,0,5
BRDA:14,0,1,1
BRDA:14,1,0,6
BRDA:14,1,1,5
BRF:4
BRH:4
end_of_record
TN:
SF:app\static\ts\src\utils\cookie.ts
FN:1,getCookie
FNF:1
FNH:1
FNDA:1,getCookie
DA:1,2
DA:2,1
DA:3,1
DA:4,1
DA:5,0
DA:6,0
DA:9,1
LF:7
LH:5
BRDA:4,0,0,0
BRDA:5,1,0,0
BRF:2
BRH:0
end_of_record
TN:
SF:app\static\ts\src\utils\falsy.js
FNF:0
FNH:0
DA:3,5
LF:1
LH:1
BRF:0
BRH:0
end_of_record
TN:
SF:app\static\ts\src\utils\index.js
FN:7,(anonymous_0)
FN:12,get
FN:18,(anonymous_2)
FN:23,get
FN:29,(anonymous_4)
FN:34,get
FN:40,(anonymous_6)
FN:45,get
FNF:8
FNH:6
FNDA:15,(anonymous_0)
FNDA:3,get
FNDA:20,(anonymous_2)
FNDA:70,get
FNDA:0,(anonymous_4)
FNDA:0,get
FNDA:5,(anonymous_6)
FNDA:3,get
DA:3,5
DA:6,5
DA:7,5
DA:8,15
DA:9,15
DA:10,15
DA:13,3
DA:17,5
DA:18,5
DA:19,20
DA:20,20
DA:21,20
DA:24,70
DA:28,5
DA:29,5
DA:30,0
DA:31,0
DA:32,0
DA:35,0
DA:39,5
DA:40,5
DA:41,5
DA:42,5
DA:43,5
DA:46,3
LF:25
LH:21
BRDA:8,0,0,0
BRDA:8,0,1,15
BRDA:8,1,0,15
BRDA:8,1,1,15
BRDA:9,2,0,0
BRDA:9,2,1,15
BRDA:9,3,0,15
BRDA:9,3,1,0
BRDA:19,4,0,0
BRDA:19,4,1,20
BRDA:19,5,0,20
BRDA:19,5,1,20
BRDA:20,6,0,0
BRDA:20,6,1,20
BRDA:20,7,0,20
BRDA:20,7,1,0
BRDA:30,8,0,0
BRDA:30,8,1,0
BRDA:30,9,0,0
BRDA:30,9,1,0
BRDA:31,10,0,0
BRDA:31,10,1,0
BRDA:31,11,0,0
BRDA:31,11,1,0
BRDA:41,12,0,0
BRDA:41,12,1,5
BRDA:41,13,0,5
BRDA:41,13,1,5
BRDA:42,14,0,0
BRDA:42,14,1,5
BRDA:42,15,0,5
BRDA:42,15,1,0
BRF:32
BRH:15
end_of_record
TN:
SF:app\static\ts\src\utils\store2localStorage.js
FN:15,store2localStorage
FN:39,(anonymous_1)
FN:80,removeOldestAndAdd
FN:103,move2end
FNF:4
FNH:4
FNDA:9,store2localStorage
FNDA:26,(anonymous_1)
FNDA:2,removeOldestAndAdd
FNDA:5,move2end
DA:3,5
DA:6,5
DA:7,5
DA:8,5
DA:9,5
DA:17,9
DA:18,9
DA:19,9
DA:20,1
DA:22,8
DA:25,8
DA:26,2
DA:27,2
DA:32,6
DA:33,2
DA:35,4
DA:38,6
DA:39,6
DA:40,26
DA:41,26
DA:44,6
DA:49,6
DA:50,4
DA:54,4
DA:58,2
DA:59,1
DA:63,1
DA:67,1
DA:81,2
DA:82,2
DA:83,16
DA:87,2
DA:90,2
DA:104,5
DA:105,2
DA:108,3
DA:109,3
DA:110,3
DA:112,3
DA:113,7
DA:118,3
DA:121,3
LF:42
LH:42
BRDA:19,0,0,1
BRDA:19,0,1,8
BRDA:25,1,0,2
BRDA:25,1,1,6
BRDA:25,2,0,8
BRDA:25,2,1,7
BRDA:32,3,0,2
BRDA:32,3,1,4
BRDA:40,4,0,26
BRDA:40,4,1,0
BRDA:49,5,0,4
BRDA:49,5,1,2
BRDA:58,6,0,1
BRDA:58,6,1,1
BRDA:104,7,0,2
BRDA:104,7,1,3
BRDA:104,8,0,5
BRDA:104,8,1,2
BRF:18
BRH:17
end_of_record
TN:
SF:app\static\ts\src\utils\validators.js
FN:25,validateWord
FN:61,validateDescription
FN:104,returnValidationResult
FN:168,createRegexpGu
FNF:4
FNH:4
FNDA:69,validateWord
FNDA:6,validateDescription
FNDA:75,returnValidationResult
FNDA:76,createRegexpGu
DA:3,6
DA:6,6
DA:7,6
DA:8,6
DA:9,6
DA:26,69
DA:53,69
DA:62,6
DA:95,6
DA:106,75
DA:111,75
DA:112,2
DA:123,73
DA:124,73
DA:125,73
DA:126,62
DA:135,11
DA:136,17
DA:137,17
DA:142,11
DA:155,0
DA:169,76
DA:170,76
DA:171,152
DA:172,152
DA:174,76
DA:175,76
LF:27
LH:26
BRDA:111,0,0,2
BRDA:111,0,1,73
BRDA:125,1,0,62
BRDA:125,1,1,11
BRDA:137,2,0,11
BRDA:137,2,1,6
BRF:6
BRH:6
end_of_record
TN:
SF:app\static\ts\test\testTools\index.ts
FNF:0
FNH:0
DA:1,11
DA:2,11
DA:3,11
DA:4,11
LF:4
LH:4
BRF:0
BRH:0
end_of_record
TN:
SF:app\static\ts\test\testTools\loadHTML.ts
FN:7,loadHTML
FNF:1
FNH:1
FNDA:9,loadHTML
DA:7,11
DA:9,9
DA:10,9
DA:11,9
LF:4
LH:4
BRDA:7,0,0,6
BRF:1
BRH:1
end_of_record
TN:
SF:app\static\ts\test\testTools\mockLocalStorage.ts
FN:3,createMockLocalStorage
FN:4,(anonymous_1)
FN:8,(anonymous_2)
FN:11,(anonymous_3)
FN:14,(anonymous_4)
FNF:5
FNH:4
FNDA:3,createMockLocalStorage
FNDA:3,(anonymous_1)
FNDA:16,(anonymous_2)
FNDA:12,(anonymous_3)
FNDA:0,(anonymous_4)
DA:3,11
DA:4,3
DA:5,3
DA:7,3
DA:9,16
DA:12,12
DA:15,0
DA:20,3
LF:8
LH:7
BRDA:9,0,0,12
BRDA:9,0,1,4
BRDA:9,1,0,16
BRDA:9,1,1,16
BRF:4
BRH:4
end_of_record
TN:
SF:app\static\ts\test\testTools\mockWindowHref.ts
FN:4,mockWindowHref
FNF:1
FNH:1
FNDA:2,mockWindowHref
DA:4,11
DA:6,2
DA:7,2
DA:8,2
LF:4
LH:4
BRF:0
BRH:0
end_of_record
TN:
SF:app\static\ts\test\testTools\mockXhr.ts
FN:8,mockXhr
FN:21,(anonymous_1)
FNF:2
FNH:2
FNDA:1,mockXhr
FNDA:1,(anonymous_1)
DA:8,11
DA:10,1
DA:19,1
DA:21,1
DA:22,1
LF:5
LH:5
BRF:0
BRH:0
end_of_record
